#
# A fatal error has been detected by the Java Runtime Environment:
#
#  SIGBUS (0xa) at pc=0x00007fff6ab74a40, pid=63322, tid=0x0000000000006607
#
# JRE version: Java(TM) SE Runtime Environment (8.0_152-b16) (build 1.8.0_152-b16)
# Java VM: Java HotSpot(TM) 64-Bit Server VM (25.152-b16 mixed mode bsd-amd64 compressed oops)
# Problematic frame:
# C  [libsystem_platform.dylib+0xa40]  _platform_memmove$VARIANT$Haswell+0x140
#
# Failed to write core dump. Core dumps have been disabled. To enable core dumping, try "ulimit -c unlimited" before starting Java again
#
# If you would like to submit a bug report, please visit:
#   http://bugreport.java.com/bugreport/crash.jsp
# The crash happened outside the Java Virtual Machine in native code.
# See problematic frame for where to report the bug.
#

---------------  T H R E A D  ---------------

Current thread (0x00007fee47d7a000):  JavaThread "e7515fca-b6e8-4abf-b7a6-faf4ee518a79 Thread-36" [_thread_in_native, id=26119, stack(0x000070000fe8a000,0x000070000ff8a000)]

siginfo: si_signo: 10 (SIGBUS), si_code: 2 (BUS_ADRERR), si_addr: 0x00000001112d5000

Registers:
RAX=0x00007fee47993e00, RBX=0x00000001112d4c84, RCX=0x0000000000000020, RDX=0x0000000000001c00
RSP=0x000070000ff83fc0, RBP=0x000070000ff83fc0, RSI=0x00000001112d4fd2, RDI=0x00007fee47994120
R8 =0x00000000000062d2, R9 =0x00007fee47807fdc, R10=0x00007fee47891000, R11=0x00007fed366bf14e
R12=0x0000000000000808, R13=0x0000000000000000, R14=0x000000003b004100, R15=0x0000000000008404
RIP=0x00007fff6ab74a40, EFLAGS=0x0000000000010202, ERR=0x0000000000000004
  TRAPNO=0x000000000000000e

Top of Stack: (sp=0x000070000ff83fc0)
0x000070000ff83fc0:   000070000ff84030 00000001091af006
0x000070000ff83fd0:   000000040000000c 0000000000000084
0x000070000ff83fe0:   0000000000000002 00007fee47993e00
0x000070000ff83ff0:   0000000000001f60 00007fee3d572c40
0x000070000ff84000:   00007fee46733250 00007fee3d572c40
0x000070000ff84010:   00007fee3e935000 0000000000001970
0x000070000ff84020:   000000008f94192f 00007fee448b3340
0x000070000ff84030:   000070000ff84090 00000001091af52d
0x000070000ff84040:   000070000ff840d1 000070000ff840d0
0x000070000ff84050:   0000002100000000 0000002201d7a000
0x000070000ff84060:   000070000ff840ae 000070000ff844f8
0x000070000ff84070:   0000000000000022 000070000ff840ae
0x000070000ff84080:   00007fee3d572c40 00007fee47d7a1f8
0x000070000ff84090:   000070000ff844e0 00000001091ae238
0x000070000ff840a0:   00000007a1c700c0 726f700000000001
0x000070000ff840b0:   6568636170612f67 677265626563692f
0x000070000ff840c0:   61502f6c6974752f 7373616c632e7269
0x000070000ff840d0:   000070000ff80000 000000010ec21470
0x000070000ff840e0:   00007fee47d7a000 0000000000002f2b
0x000070000ff840f0:   0000000000000006 00007fee46733320
0x000070000ff84100:   0000000000000006 000000010ec21470
0x000070000ff84110:   00007fee47d7a000 0000000000000006
0x000070000ff84120:   00000000000000a1 000000010ec21470
0x000070000ff84130:   00007fee47d7a000 000000010ec21470
0x000070000ff84140:   00000001090bd380 000000010ec21470
0x000070000ff84150:   0000000000000006 000000010ec21470
0x000070000ff84160:   000000011389ec20 000070000ff84270
0x000070000ff84170:   000000010ec21470 000070000ff84420
0x000070000ff84180:   00007fee47d7a000 000070000ff84270
0x000070000ff84190:   000000010ec21470 000070000ff84420
0x000070000ff841a0:   000070000ff84310 000000010a526a68
0x000070000ff841b0:   00000001090bd080 00007fee4205b578 

Instructions: (pc=0x00007fff6ab74a40)
0x00007fff6ab74a20:   80 00 00 00 76 5a 48 f7 c6 1f 00 00 00 74 31 c5
0x00007fff6ab74a30:   fc 29 0f c5 fc 29 57 20 48 83 c7 40 c5 fc 10 0e
0x00007fff6ab74a40:   c5 fc 10 56 20 48 83 c6 40 48 83 ea 40 77 e0 eb
0x00007fff6ab74a50:   2f 66 2e 0f 1f 84 00 00 00 00 00 0f 1f 44 00 00 

Register to memory mapping:

RAX=0x00007fee47993e00 is an unknown value
RBX=0x00000001112d4c84 is an unknown value
RCX=0x0000000000000020 is an unknown value
RDX=0x0000000000001c00 is an unknown value
RSP=0x000070000ff83fc0 is pointing into the stack for thread: 0x00007fee47d7a000
RBP=0x000070000ff83fc0 is pointing into the stack for thread: 0x00007fee47d7a000
RSI=0x00000001112d4fd2 is an unknown value
RDI=0x00007fee47994120 is an unknown value
R8 =0x00000000000062d2 is an unknown value
R9 =0x00007fee47807fdc is an unknown value
R10=0x00007fee47891000 is an unknown value
R11=0x00007fed366bf14e is an unknown value
R12=0x0000000000000808 is an unknown value
R13=0x0000000000000000 is an unknown value
R14=0x000000003b004100 is an unknown value
R15=0x0000000000008404 is an unknown value


Stack: [0x000070000fe8a000,0x000070000ff8a000],  sp=0x000070000ff83fc0,  free space=999k
Native frames: (J=compiled Java code, j=interpreted, Vv=VM code, C=native code)
C  [libsystem_platform.dylib+0xa40]  _platform_memmove$VARIANT$Haswell+0x140
C  [libzip.dylib+0x3006]  newEntry+0x2c8
C  [libzip.dylib+0x352d]  ZIP_GetEntry2+0xd4
C  [libzip.dylib+0x2238]  Java_java_util_zip_ZipFile_getEntry+0xcf
J 142  java.util.zip.ZipFile.getEntry(J[BZ)J (0 bytes) @ 0x00000001139bb78e [0x00000001139bb6c0+0xce]
J 1726 C2 java.util.jar.JarFile.getJarEntry(Ljava/lang/String;)Ljava/util/jar/JarEntry; (9 bytes) @ 0x0000000113e47cbc [0x0000000113e47900+0x3bc]
J 3546 C2 sun.misc.URLClassPath$JarLoader.getResource(Ljava/lang/String;Z)Lsun/misc/Resource; (85 bytes) @ 0x00000001142e8678 [0x00000001142e8440+0x238]
J 4475 C2 java.net.URLClassLoader$1.run()Ljava/lang/Class; (63 bytes) @ 0x000000011475f318 [0x000000011475ec60+0x6b8]
J 6521 C1 java.net.URLClassLoader$1.run()Ljava/lang/Object; (5 bytes) @ 0x000000011428a404 [0x000000011428a380+0x84]
v  ~StubRoutines::call_stub
V  [libjvm.dylib+0x2ef7b2]  JavaCalls::call_helper(JavaValue*, methodHandle*, JavaCallArguments*, Thread*)+0x6ae
V  [libjvm.dylib+0x34ff7c]  JVM_DoPrivileged+0x4b8
J 198  java.security.AccessController.doPrivileged(Ljava/security/PrivilegedExceptionAction;Ljava/security/AccessControlContext;)Ljava/lang/Object; (0 bytes) @ 0x00000001139e1a15 [0x00000001139e1940+0xd5]
J 3973 C2 java.net.URLClassLoader.findClass(Ljava/lang/String;)Ljava/lang/Class; (47 bytes) @ 0x0000000113f693c4 [0x0000000113f69320+0xa4]
j  java.lang.ClassLoader.loadClass(Ljava/lang/String;Z)Ljava/lang/Class;+70
j  sun.misc.Launcher$AppClassLoader.loadClass(Ljava/lang/String;Z)Ljava/lang/Class;+81
J 4884 C2 java.lang.ClassLoader.loadClass(Ljava/lang/String;)Ljava/lang/Class; (7 bytes) @ 0x00000001142172e4 [0x00000001142172a0+0x44]
v  ~StubRoutines::call_stub
V  [libjvm.dylib+0x2ef7b2]  JavaCalls::call_helper(JavaValue*, methodHandle*, JavaCallArguments*, Thread*)+0x6ae
V  [libjvm.dylib+0x2eff56]  JavaCalls::call_virtual(JavaValue*, KlassHandle, Symbol*, Symbol*, JavaCallArguments*, Thread*)+0x164
V  [libjvm.dylib+0x2f00ae]  JavaCalls::call_virtual(JavaValue*, Handle, KlassHandle, Symbol*, Symbol*, Handle, Thread*)+0x56
V  [libjvm.dylib+0x53f546]  SystemDictionary::load_instance_class(Symbol*, Handle, Thread*)+0x2d8
V  [libjvm.dylib+0x53ed0e]  SystemDictionary::resolve_instance_class_or_null(Symbol*, Handle, Handle, Thread*)+0x484
V  [libjvm.dylib+0x53f762]  SystemDictionary::resolve_or_null(Symbol*, Handle, Handle, Thread*)+0x106
V  [libjvm.dylib+0x53fe15]  SystemDictionary::resolve_or_fail(Symbol*, Handle, Handle, bool, Thread*)+0x31
V  [libjvm.dylib+0x1e3bb6]  ConstantPool::klass_at_impl(constantPoolHandle, int, Thread*)+0x2ee
V  [libjvm.dylib+0x1f3e56]  ConstantPool::klass_at(int, Thread*)+0x92
V  [libjvm.dylib+0x3cd48a]  LinkResolver::resolve_pool(KlassHandle&, Symbol*&, Symbol*&, KlassHandle&, constantPoolHandle, int, Thread*)+0x72
V  [libjvm.dylib+0x3d0c62]  LinkResolver::resolve_invokestatic(CallInfo&, constantPoolHandle, int, Thread*)+0x9e
V  [libjvm.dylib+0x3d0d87]  LinkResolver::resolve_invoke(CallInfo&, Handle, constantPoolHandle, int, Bytecodes::Code, Thread*)+0xb3
V  [libjvm.dylib+0x2e9ba7]  InterpreterRuntime::resolve_invoke(JavaThread*, Bytecodes::Code)+0x377
j  org.apache.iceberg.PartitionSpecParser.fromJson(Lorg/apache/iceberg/Schema;Ljava/lang/String;)Lorg/apache/iceberg/PartitionSpec;+8
j  org.apache.iceberg.mr.hive.HiveIcebergMetaHook.preCreateTable(Lorg/apache/hadoop/hive/metastore/api/Table;)V+152
j  org.apache.hadoop.hive.metastore.HiveMetaStoreClient.createTable(Lorg/apache/hadoop/hive/metastore/api/Table;Lorg/apache/hadoop/hive/metastore/api/EnvironmentContext;)V+12
j  org.apache.hadoop.hive.metastore.HiveMetaStoreClient.createTable(Lorg/apache/hadoop/hive/metastore/api/Table;)V+3
v  ~StubRoutines::call_stub
V  [libjvm.dylib+0x2ef7b2]  JavaCalls::call_helper(JavaValue*, methodHandle*, JavaCallArguments*, Thread*)+0x6ae
V  [libjvm.dylib+0x4d58e8]  Reflection::invoke(instanceKlassHandle, methodHandle, Handle, bool, objArrayHandle, BasicType, objArrayHandle, bool, Thread*)+0xe12
V  [libjvm.dylib+0x4d5e1c]  Reflection::invoke_method(oopDesc*, Handle, objArrayHandle, Thread*)+0x16c
V  [libjvm.dylib+0x347c20]  JVM_InvokeMethod+0x166
J 4802  sun.reflect.NativeMethodAccessorImpl.invoke0(Ljava/lang/reflect/Method;Ljava/lang/Object;[Ljava/lang/Object;)Ljava/lang/Object; (0 bytes) @ 0x000000011423846d [0x0000000114238380+0xed]
J 4801 C1 sun.reflect.NativeMethodAccessorImpl.invoke(Ljava/lang/Object;[Ljava/lang/Object;)Ljava/lang/Object; (104 bytes) @ 0x0000000113a8cc4c [0x0000000113a8ba40+0x120c]
J 4743 C1 sun.reflect.DelegatingMethodAccessorImpl.invoke(Ljava/lang/Object;[Ljava/lang/Object;)Ljava/lang/Object; (10 bytes) @ 0x0000000113c2d92c [0x0000000113c2d800+0x12c]
J 4742 C1 java.lang.reflect.Method.invoke(Ljava/lang/Object;[Ljava/lang/Object;)Ljava/lang/Object; (62 bytes) @ 0x0000000113c2e10c [0x0000000113c2dce0+0x42c]
j  org.apache.hadoop.hive.metastore.RetryingMetaStoreClient.invoke(Ljava/lang/Object;Ljava/lang/reflect/Method;[Ljava/lang/Object;)Ljava/lang/Object;+152
j  com.sun.proxy.$Proxy27.createTable(Lorg/apache/hadoop/hive/metastore/api/Table;)V+16
v  ~StubRoutines::call_stub
V  [libjvm.dylib+0x2ef7b2]  JavaCalls::call_helper(JavaValue*, methodHandle*, JavaCallArguments*, Thread*)+0x6ae
V  [libjvm.dylib+0x4d58e8]  Reflection::invoke(instanceKlassHandle, methodHandle, Handle, bool, objArrayHandle, BasicType, objArrayHandle, bool, Thread*)+0xe12
V  [libjvm.dylib+0x4d5e1c]  Reflection::invoke_method(oopDesc*, Handle, objArrayHandle, Thread*)+0x16c
V  [libjvm.dylib+0x347c20]  JVM_InvokeMethod+0x166
J 4802  sun.reflect.NativeMethodAccessorImpl.invoke0(Ljava/lang/reflect/Method;Ljava/lang/Object;[Ljava/lang/Object;)Ljava/lang/Object; (0 bytes) @ 0x000000011423846d [0x0000000114238380+0xed]
J 4801 C1 sun.reflect.NativeMethodAccessorImpl.invoke(Ljava/lang/Object;[Ljava/lang/Object;)Ljava/lang/Object; (104 bytes) @ 0x0000000113a8cc4c [0x0000000113a8ba40+0x120c]
J 4743 C1 sun.reflect.DelegatingMethodAccessorImpl.invoke(Ljava/lang/Object;[Ljava/lang/Object;)Ljava/lang/Object; (10 bytes) @ 0x0000000113c2d92c [0x0000000113c2d800+0x12c]
J 4742 C1 java.lang.reflect.Method.invoke(Ljava/lang/Object;[Ljava/lang/Object;)Ljava/lang/Object; (62 bytes) @ 0x0000000113c2e10c [0x0000000113c2dce0+0x42c]
j  org.apache.hadoop.hive.metastore.HiveMetaStoreClient$SynchronizedHandler.invoke(Ljava/lang/Object;Ljava/lang/reflect/Method;[Ljava/lang/Object;)Ljava/lang/Object;+6
j  com.sun.proxy.$Proxy27.createTable(Lorg/apache/hadoop/hive/metastore/api/Table;)V+16
j  org.apache.hadoop.hive.ql.metadata.Hive.createTable(Lorg/apache/hadoop/hive/ql/metadata/Table;ZLjava/util/List;Ljava/util/List;)V+185
j  org.apache.hadoop.hive.ql.metadata.Hive.createTable(Lorg/apache/hadoop/hive/ql/metadata/Table;Z)V+5
j  org.apache.hadoop.hive.ql.exec.DDLTask.createTable(Lorg/apache/hadoop/hive/ql/metadata/Hive;Lorg/apache/hadoop/hive/ql/plan/CreateTableDesc;)I+268
j  org.apache.hadoop.hive.ql.exec.DDLTask.execute(Lorg/apache/hadoop/hive/ql/DriverContext;)I+217
j  org.apache.hadoop.hive.ql.exec.Task.executeTask()I+30
j  org.apache.hadoop.hive.ql.exec.TaskRunner.runSequential()V+7
j  org.apache.hadoop.hive.ql.Driver.launchTask(Lorg/apache/hadoop/hive/ql/exec/Task;Ljava/lang/String;ZLjava/lang/String;ILorg/apache/hadoop/hive/ql/DriverContext;)Lorg/apache/hadoop/hive/ql/exec/TaskRunner;+337
j  org.apache.hadoop.hive.ql.Driver.execute(Z)I+1750
j  org.apache.hadoop.hive.ql.Driver.runInternal(Ljava/lang/String;Z)Lorg/apache/hadoop/hive/ql/processors/CommandProcessorResponse;+1526
j  org.apache.hadoop.hive.ql.Driver.run(Ljava/lang/String;Z)Lorg/apache/hadoop/hive/ql/processors/CommandProcessorResponse;+3
j  org.apache.hadoop.hive.ql.Driver.run()Lorg/apache/hadoop/hive/ql/processors/CommandProcessorResponse;+3
j  org.apache.hive.service.cli.operation.SQLOperation.runQuery()V+62
j  org.apache.hive.service.cli.operation.SQLOperation.runInternal()V+56
j  org.apache.hive.service.cli.operation.Operation.run()V+22
j  org.apache.hive.service.cli.session.HiveSessionImpl.executeStatementInternal(Ljava/lang/String;Ljava/util/Map;ZJ)Lorg/apache/hive/service/cli/OperationHandle;+39
j  org.apache.hive.service.cli.session.HiveSessionImpl.executeStatement(Ljava/lang/String;Ljava/util/Map;)Lorg/apache/hive/service/cli/OperationHandle;+5
j  org.apache.hive.service.cli.CLIService.executeStatement(Lorg/apache/hive/service/cli/SessionHandle;Ljava/lang/String;Ljava/util/Map;)Lorg/apache/hive/service/cli/OperationHandle;+25
j  com.klarna.hiverunner.HiveServerContainer.executeStatement(Ljava/lang/String;)Ljava/util/List;+16
j  com.klarna.hiverunner.builder.HiveShellBase.executeStatementsWithCommandShellEmulation(Ljava/util/List;)Ljava/util/List;+42
j  com.klarna.hiverunner.builder.HiveShellBase.executeStatementWithCommandShellEmulation(Ljava/lang/String;)Ljava/util/List;+11
j  com.klarna.hiverunner.builder.HiveShellBase.executeStatement(Ljava/lang/String;)Ljava/util/List;+6
j  org.apache.iceberg.mr.hive.HiveIcebergStorageHandlerBaseTest.testCreateTableWithUnpartitionedSpec()V+125
v  ~StubRoutines::call_stub
V  [libjvm.dylib+0x2ef7b2]  JavaCalls::call_helper(JavaValue*, methodHandle*, JavaCallArguments*, Thread*)+0x6ae
V  [libjvm.dylib+0x4d58e8]  Reflection::invoke(instanceKlassHandle, methodHandle, Handle, bool, objArrayHandle, BasicType, objArrayHandle, bool, Thread*)+0xe12
V  [libjvm.dylib+0x4d5e1c]  Reflection::invoke_method(oopDesc*, Handle, objArrayHandle, Thread*)+0x16c
V  [libjvm.dylib+0x347c20]  JVM_InvokeMethod+0x166
J 4802  sun.reflect.NativeMethodAccessorImpl.invoke0(Ljava/lang/reflect/Method;Ljava/lang/Object;[Ljava/lang/Object;)Ljava/lang/Object; (0 bytes) @ 0x000000011423846d [0x0000000114238380+0xed]
J 4801 C1 sun.reflect.NativeMethodAccessorImpl.invoke(Ljava/lang/Object;[Ljava/lang/Object;)Ljava/lang/Object; (104 bytes) @ 0x0000000113a8cc4c [0x0000000113a8ba40+0x120c]
J 4743 C1 sun.reflect.DelegatingMethodAccessorImpl.invoke(Ljava/lang/Object;[Ljava/lang/Object;)Ljava/lang/Object; (10 bytes) @ 0x0000000113c2d92c [0x0000000113c2d800+0x12c]
J 4742 C1 java.lang.reflect.Method.invoke(Ljava/lang/Object;[Ljava/lang/Object;)Ljava/lang/Object; (62 bytes) @ 0x0000000113c2e10c [0x0000000113c2dce0+0x42c]
j  org.junit.runners.model.FrameworkMethod$1.runReflectiveCall()Ljava/lang/Object;+15
j  org.junit.internal.runners.model.ReflectiveCallable.run()Ljava/lang/Object;+1
j  org.junit.runners.model.FrameworkMethod.invokeExplosively(Ljava/lang/Object;[Ljava/lang/Object;)Ljava/lang/Object;+10
j  org.junit.internal.runners.statements.InvokeMethod.evaluate()V+12
j  org.junit.internal.runners.statements.RunBefores.evaluate()V+49
j  org.junit.internal.runners.statements.RunAfters.evaluate()V+12
j  org.junit.rules.ExternalResource$1.evaluate()V+11
j  com.klarna.hiverunner.StandaloneHiveRunner.evaluateStatement(Ljava/util/List;Ljava/lang/Object;Ljava/nio/file/Path;Lorg/junit/runners/model/Statement;)Lcom/klarna/hiverunner/HiveShellContainer;+50
j  com.klarna.hiverunner.HiveRunnerRule$HiveRunnerRuleStatement.evaluate()V+33
j  com.klarna.hiverunner.ThrowOnTimeout$1.run()V+14
j  java.lang.Thread.run()V+11
v  ~StubRoutines::call_stub
...<more frames>...

Java frames: (J=compiled Java code, j=interpreted, Vv=VM code)
J 142  java.util.zip.ZipFile.getEntry(J[BZ)J (0 bytes) @ 0x00000001139bb718 [0x00000001139bb6c0+0x58]
J 1726 C2 java.util.jar.JarFile.getJarEntry(Ljava/lang/String;)Ljava/util/jar/JarEntry; (9 bytes) @ 0x0000000113e47cbc [0x0000000113e47900+0x3bc]
J 3546 C2 sun.misc.URLClassPath$JarLoader.getResource(Ljava/lang/String;Z)Lsun/misc/Resource; (85 bytes) @ 0x00000001142e8678 [0x00000001142e8440+0x238]
J 4475 C2 java.net.URLClassLoader$1.run()Ljava/lang/Class; (63 bytes) @ 0x000000011475f318 [0x000000011475ec60+0x6b8]
J 6521 C1 java.net.URLClassLoader$1.run()Ljava/lang/Object; (5 bytes) @ 0x000000011428a404 [0x000000011428a380+0x84]
v  ~StubRoutines::call_stub
J 198  java.security.AccessController.doPrivileged(Ljava/security/PrivilegedExceptionAction;Ljava/security/AccessControlContext;)Ljava/lang/Object; (0 bytes) @ 0x00000001139e19a3 [0x00000001139e1940+0x63]
J 3973 C2 java.net.URLClassLoader.findClass(Ljava/lang/String;)Ljava/lang/Class; (47 bytes) @ 0x0000000113f693c4 [0x0000000113f69320+0xa4]
j  java.lang.ClassLoader.loadClass(Ljava/lang/String;Z)Ljava/lang/Class;+70
j  sun.misc.Launcher$AppClassLoader.loadClass(Ljava/lang/String;Z)Ljava/lang/Class;+81
J 4884 C2 java.lang.ClassLoader.loadClass(Ljava/lang/String;)Ljava/lang/Class; (7 bytes) @ 0x00000001142172e4 [0x00000001142172a0+0x44]
v  ~StubRoutines::call_stub
j  org.apache.iceberg.PartitionSpecParser.fromJson(Lorg/apache/iceberg/Schema;Ljava/lang/String;)Lorg/apache/iceberg/PartitionSpec;+8
j  org.apache.iceberg.mr.hive.HiveIcebergMetaHook.preCreateTable(Lorg/apache/hadoop/hive/metastore/api/Table;)V+152
j  org.apache.hadoop.hive.metastore.HiveMetaStoreClient.createTable(Lorg/apache/hadoop/hive/metastore/api/Table;Lorg/apache/hadoop/hive/metastore/api/EnvironmentContext;)V+12
j  org.apache.hadoop.hive.metastore.HiveMetaStoreClient.createTable(Lorg/apache/hadoop/hive/metastore/api/Table;)V+3
v  ~StubRoutines::call_stub
J 4802  sun.reflect.NativeMethodAccessorImpl.invoke0(Ljava/lang/reflect/Method;Ljava/lang/Object;[Ljava/lang/Object;)Ljava/lang/Object; (0 bytes) @ 0x00000001142383f7 [0x0000000114238380+0x77]
J 4801 C1 sun.reflect.NativeMethodAccessorImpl.invoke(Ljava/lang/Object;[Ljava/lang/Object;)Ljava/lang/Object; (104 bytes) @ 0x0000000113a8cc4c [0x0000000113a8ba40+0x120c]
J 4743 C1 sun.reflect.DelegatingMethodAccessorImpl.invoke(Ljava/lang/Object;[Ljava/lang/Object;)Ljava/lang/Object; (10 bytes) @ 0x0000000113c2d92c [0x0000000113c2d800+0x12c]
J 4742 C1 java.lang.reflect.Method.invoke(Ljava/lang/Object;[Ljava/lang/Object;)Ljava/lang/Object; (62 bytes) @ 0x0000000113c2e10c [0x0000000113c2dce0+0x42c]
j  org.apache.hadoop.hive.metastore.RetryingMetaStoreClient.invoke(Ljava/lang/Object;Ljava/lang/reflect/Method;[Ljava/lang/Object;)Ljava/lang/Object;+152
j  com.sun.proxy.$Proxy27.createTable(Lorg/apache/hadoop/hive/metastore/api/Table;)V+16
v  ~StubRoutines::call_stub
J 4802  sun.reflect.NativeMethodAccessorImpl.invoke0(Ljava/lang/reflect/Method;Ljava/lang/Object;[Ljava/lang/Object;)Ljava/lang/Object; (0 bytes) @ 0x00000001142383f7 [0x0000000114238380+0x77]
J 4801 C1 sun.reflect.NativeMethodAccessorImpl.invoke(Ljava/lang/Object;[Ljava/lang/Object;)Ljava/lang/Object; (104 bytes) @ 0x0000000113a8cc4c [0x0000000113a8ba40+0x120c]
J 4743 C1 sun.reflect.DelegatingMethodAccessorImpl.invoke(Ljava/lang/Object;[Ljava/lang/Object;)Ljava/lang/Object; (10 bytes) @ 0x0000000113c2d92c [0x0000000113c2d800+0x12c]
J 4742 C1 java.lang.reflect.Method.invoke(Ljava/lang/Object;[Ljava/lang/Object;)Ljava/lang/Object; (62 bytes) @ 0x0000000113c2e10c [0x0000000113c2dce0+0x42c]
j  org.apache.hadoop.hive.metastore.HiveMetaStoreClient$SynchronizedHandler.invoke(Ljava/lang/Object;Ljava/lang/reflect/Method;[Ljava/lang/Object;)Ljava/lang/Object;+6
j  com.sun.proxy.$Proxy27.createTable(Lorg/apache/hadoop/hive/metastore/api/Table;)V+16
j  org.apache.hadoop.hive.ql.metadata.Hive.createTable(Lorg/apache/hadoop/hive/ql/metadata/Table;ZLjava/util/List;Ljava/util/List;)V+185
j  org.apache.hadoop.hive.ql.metadata.Hive.createTable(Lorg/apache/hadoop/hive/ql/metadata/Table;Z)V+5
j  org.apache.hadoop.hive.ql.exec.DDLTask.createTable(Lorg/apache/hadoop/hive/ql/metadata/Hive;Lorg/apache/hadoop/hive/ql/plan/CreateTableDesc;)I+268
j  org.apache.hadoop.hive.ql.exec.DDLTask.execute(Lorg/apache/hadoop/hive/ql/DriverContext;)I+217
j  org.apache.hadoop.hive.ql.exec.Task.executeTask()I+30
j  org.apache.hadoop.hive.ql.exec.TaskRunner.runSequential()V+7
j  org.apache.hadoop.hive.ql.Driver.launchTask(Lorg/apache/hadoop/hive/ql/exec/Task;Ljava/lang/String;ZLjava/lang/String;ILorg/apache/hadoop/hive/ql/DriverContext;)Lorg/apache/hadoop/hive/ql/exec/TaskRunner;+337
j  org.apache.hadoop.hive.ql.Driver.execute(Z)I+1750
j  org.apache.hadoop.hive.ql.Driver.runInternal(Ljava/lang/String;Z)Lorg/apache/hadoop/hive/ql/processors/CommandProcessorResponse;+1526
j  org.apache.hadoop.hive.ql.Driver.run(Ljava/lang/String;Z)Lorg/apache/hadoop/hive/ql/processors/CommandProcessorResponse;+3
j  org.apache.hadoop.hive.ql.Driver.run()Lorg/apache/hadoop/hive/ql/processors/CommandProcessorResponse;+3
j  org.apache.hive.service.cli.operation.SQLOperation.runQuery()V+62
j  org.apache.hive.service.cli.operation.SQLOperation.runInternal()V+56
j  org.apache.hive.service.cli.operation.Operation.run()V+22
j  org.apache.hive.service.cli.session.HiveSessionImpl.executeStatementInternal(Ljava/lang/String;Ljava/util/Map;ZJ)Lorg/apache/hive/service/cli/OperationHandle;+39
j  org.apache.hive.service.cli.session.HiveSessionImpl.executeStatement(Ljava/lang/String;Ljava/util/Map;)Lorg/apache/hive/service/cli/OperationHandle;+5
j  org.apache.hive.service.cli.CLIService.executeStatement(Lorg/apache/hive/service/cli/SessionHandle;Ljava/lang/String;Ljava/util/Map;)Lorg/apache/hive/service/cli/OperationHandle;+25
j  com.klarna.hiverunner.HiveServerContainer.executeStatement(Ljava/lang/String;)Ljava/util/List;+16
j  com.klarna.hiverunner.builder.HiveShellBase.executeStatementsWithCommandShellEmulation(Ljava/util/List;)Ljava/util/List;+42
j  com.klarna.hiverunner.builder.HiveShellBase.executeStatementWithCommandShellEmulation(Ljava/lang/String;)Ljava/util/List;+11
j  com.klarna.hiverunner.builder.HiveShellBase.executeStatement(Ljava/lang/String;)Ljava/util/List;+6
j  org.apache.iceberg.mr.hive.HiveIcebergStorageHandlerBaseTest.testCreateTableWithUnpartitionedSpec()V+125
v  ~StubRoutines::call_stub
J 4802  sun.reflect.NativeMethodAccessorImpl.invoke0(Ljava/lang/reflect/Method;Ljava/lang/Object;[Ljava/lang/Object;)Ljava/lang/Object; (0 bytes) @ 0x00000001142383f7 [0x0000000114238380+0x77]
J 4801 C1 sun.reflect.NativeMethodAccessorImpl.invoke(Ljava/lang/Object;[Ljava/lang/Object;)Ljava/lang/Object; (104 bytes) @ 0x0000000113a8cc4c [0x0000000113a8ba40+0x120c]
J 4743 C1 sun.reflect.DelegatingMethodAccessorImpl.invoke(Ljava/lang/Object;[Ljava/lang/Object;)Ljava/lang/Object; (10 bytes) @ 0x0000000113c2d92c [0x0000000113c2d800+0x12c]
J 4742 C1 java.lang.reflect.Method.invoke(Ljava/lang/Object;[Ljava/lang/Object;)Ljava/lang/Object; (62 bytes) @ 0x0000000113c2e10c [0x0000000113c2dce0+0x42c]
j  org.junit.runners.model.FrameworkMethod$1.runReflectiveCall()Ljava/lang/Object;+15
j  org.junit.internal.runners.model.ReflectiveCallable.run()Ljava/lang/Object;+1
j  org.junit.runners.model.FrameworkMethod.invokeExplosively(Ljava/lang/Object;[Ljava/lang/Object;)Ljava/lang/Object;+10
j  org.junit.internal.runners.statements.InvokeMethod.evaluate()V+12
j  org.junit.internal.runners.statements.RunBefores.evaluate()V+49
j  org.junit.internal.runners.statements.RunAfters.evaluate()V+12
j  org.junit.rules.ExternalResource$1.evaluate()V+11
j  com.klarna.hiverunner.StandaloneHiveRunner.evaluateStatement(Ljava/util/List;Ljava/lang/Object;Ljava/nio/file/Path;Lorg/junit/runners/model/Statement;)Lcom/klarna/hiverunner/HiveShellContainer;+50
j  com.klarna.hiverunner.HiveRunnerRule$HiveRunnerRuleStatement.evaluate()V+33
j  com.klarna.hiverunner.ThrowOnTimeout$1.run()V+14
j  java.lang.Thread.run()V+11
v  ~StubRoutines::call_stub

---------------  P R O C E S S  ---------------

Java Threads: ( => current thread )
  0x00007fee47a8f800 JavaThread "ForkJoinPool.commonPool-worker-3" daemon [_thread_blocked, id=28959, stack(0x00007000109ab000,0x0000700010aab000)]
  0x00007fee47a39000 JavaThread "pool-9-thread-2" [_thread_blocked, id=36131, stack(0x00007000108a8000,0x00007000109a8000)]
  0x00007fee3f1ea000 JavaThread "pool-7-thread-3" [_thread_in_native, id=26415, stack(0x0000700010090000,0x0000700010190000)]
  0x00007fee49bd1000 JavaThread "process reaper" daemon [_thread_blocked, id=38151, stack(0x000070000e6c2000,0x000070000e6ea000)]
=>0x00007fee47d7a000 JavaThread "e7515fca-b6e8-4abf-b7a6-faf4ee518a79 Thread-36" [_thread_in_native, id=26119, stack(0x000070000fe8a000,0x000070000ff8a000)]
  0x00007fee3d8d7000 JavaThread "BoneCP-pool-watch-thread" daemon [_thread_blocked, id=28419, stack(0x00007000107a5000,0x00007000108a5000)]
  0x00007fee3d9fa000 JavaThread "BoneCP-keep-alive-scheduler" daemon [_thread_blocked, id=36611, stack(0x00007000106a2000,0x00007000107a2000)]
  0x00007fee3df9b000 JavaThread "com.google.common.base.internal.Finalizer" daemon [_thread_blocked, id=27907, stack(0x000070001059f000,0x000070001069f000)]
  0x00007fee3d883000 JavaThread "BoneCP-pool-watch-thread" daemon [_thread_blocked, id=27395, stack(0x000070001049c000,0x000070001059c000)]
  0x00007fee48837000 JavaThread "BoneCP-keep-alive-scheduler" daemon [_thread_blocked, id=26883, stack(0x0000700010399000,0x0000700010499000)]
  0x00007fee49240000 JavaThread "com.google.common.base.internal.Finalizer" daemon [_thread_blocked, id=26635, stack(0x0000700010296000,0x0000700010396000)]
  0x00007fee43854000 JavaThread "pool-7-thread-2" [_thread_in_native, id=37407, stack(0x0000700010193000,0x0000700010293000)]
  0x00007fee43aca800 JavaThread "pool-7-thread-1" [_thread_blocked, id=38663, stack(0x000070000ff8d000,0x000070001008d000)]
  0x00007fee40055800 JavaThread "pool-8-thread-1" [_thread_in_native, id=25859, stack(0x000070000fd87000,0x000070000fe87000)]
  0x00007fee4452a000 JavaThread "org.apache.hadoop.fs.FileSystem$Statistics$StatisticsDataReferenceCleaner" daemon [_thread_blocked, id=25351, stack(0x000070000fc84000,0x000070000fd84000)]
  0x00007fee407e3800 JavaThread "BoneCP-pool-watch-thread" daemon [_thread_blocked, id=40195, stack(0x000070000fb81000,0x000070000fc81000)]
  0x00007fee43d53800 JavaThread "BoneCP-keep-alive-scheduler" daemon [_thread_blocked, id=24835, stack(0x000070000fa7e000,0x000070000fb7e000)]
  0x00007fee3f584000 JavaThread "com.google.common.base.internal.Finalizer" daemon [_thread_blocked, id=41735, stack(0x000070000f46c000,0x000070000f56c000)]
  0x00007fee42c51800 JavaThread "BoneCP-pool-watch-thread" daemon [_thread_blocked, id=40707, stack(0x000070000f97b000,0x000070000fa7b000)]
  0x00007fee4459b000 JavaThread "BoneCP-keep-alive-scheduler" daemon [_thread_blocked, id=24579, stack(0x000070000f878000,0x000070000f978000)]
  0x00007fee3f5b9800 JavaThread "com.google.common.base.internal.Finalizer" daemon [_thread_blocked, id=24067, stack(0x000070000f775000,0x000070000f875000)]
  0x00007fee3ebe9000 JavaThread "derby.rawStoreDaemon" daemon [_thread_blocked, id=23555, stack(0x000070000f672000,0x000070000f772000)]
  0x00007fee4425d000 JavaThread "Timer-0" daemon [_thread_blocked, id=41475, stack(0x000070000f56f000,0x000070000f66f000)]
  0x00007fee3e9a5800 JavaThread "/0:0:0:0:0:0:0:1:65217 to /0:0:0:0:0:0:0:1:65210 workers Thread 3" [_thread_in_native, id=42243, stack(0x000070000f369000,0x000070000f469000)]
  0x00007fee3e7ff800 JavaThread "/0:0:0:0:0:0:0:1:65217 to /0:0:0:0:0:0:0:1:65210 workers Thread 2" [_thread_blocked, id=22531, stack(0x000070000f266000,0x000070000f366000)]
  0x00007fee3dcfb800 JavaThread "Test worker" [_thread_blocked, id=22275, stack(0x000070000f163000,0x000070000f263000)]
  0x00007fee3e04d000 JavaThread "Service Thread" daemon [_thread_blocked, id=22019, stack(0x000070000ef5d000,0x000070000f05d000)]
  0x00007fee3e823800 JavaThread "C1 CompilerThread3" daemon [_thread_blocked, id=16643, stack(0x000070000ee5a000,0x000070000ef5a000)]
  0x00007fee3f059000 JavaThread "C2 CompilerThread2" daemon [_thread_blocked, id=17155, stack(0x000070000ed57000,0x000070000ee57000)]
  0x00007fee3d80d800 JavaThread "C2 CompilerThread1" daemon [_thread_blocked, id=17667, stack(0x000070000ec54000,0x000070000ed54000)]
  0x00007fee3e04c000 JavaThread "C2 CompilerThread0" daemon [_thread_blocked, id=14347, stack(0x000070000eb51000,0x000070000ec51000)]
  0x00007fee4000b800 JavaThread "JDWP Command Reader" daemon [_thread_in_native, id=17923, stack(0x000070000ea4e000,0x000070000eb4e000)]
  0x00007fee3e04a800 JavaThread "JDWP Event Helper Thread" daemon [_thread_blocked, id=18435, stack(0x000070000e94b000,0x000070000ea4b000)]
  0x00007fee3e049800 JavaThread "JDWP Transport Listener: dt_socket" daemon [_thread_blocked, id=15623, stack(0x000070000e848000,0x000070000e948000)]
  0x00007fee3e822000 JavaThread "Signal Dispatcher" daemon [_thread_blocked, id=15363, stack(0x000070000e745000,0x000070000e845000)]
  0x00007fee3e03d000 JavaThread "Finalizer" daemon [_thread_blocked, id=12291, stack(0x000070000e53c000,0x000070000e63c000)]
  0x00007fee4000b000 JavaThread "Reference Handler" daemon [_thread_blocked, id=11779, stack(0x000070000e439000,0x000070000e539000)]
  0x00007fee3f009000 JavaThread "main" [_thread_blocked, id=3587, stack(0x000070000da1b000,0x000070000db1b000)]

Other Threads:
  0x00007fee3e038800 VMThread [stack: 0x000070000e336000,0x000070000e436000] [id=19715]
  0x00007fee3d80b800 WatcherThread [stack: 0x000070000f060000,0x000070000f160000] [id=43011]

VM state:not at safepoint (normal execution)

VM Mutex/Monitor currently owned by a thread: None

Heap:
 PSYoungGen      total 178688K, used 31029K [0x00000007a0c00000, 0x00000007af500000, 0x00000007c0000000)
  eden space 164352K, 10% used [0x00000007a0c00000,0x00000007a1d20fb0,0x00000007aac80000)
  from space 14336K, 94% used [0x00000007aac80000,0x00000007ab9ac4a0,0x00000007aba80000)
  to   space 15872K, 0% used [0x00000007ae580000,0x00000007ae580000,0x00000007af500000)
 ParOldGen       total 146944K, used 26969K [0x0000000762400000, 0x000000076b380000, 0x00000007a0c00000)
  object space 146944K, 18% used [0x0000000762400000,0x0000000763e56560,0x000000076b380000)
 Metaspace       used 68822K, capacity 71656K, committed 71960K, reserved 1112064K
  class space    used 7973K, capacity 10219K, committed 10264K, reserved 1048576K

Card table byte_map: [0x000000010b56c000,0x000000010b85b000] byte_map_base: 0x0000000107a5a000

Marking Bits: (ParMarkBitMap*) 0x000000010aaf66c0
 Begin Bits: [0x000000010ba4f000, 0x000000010d1bf000)
 End Bits:   [0x000000010d1bf000, 0x000000010e92f000)

Polling page: 0x0000000109113000

CodeCache: size=245760Kb used=18774Kb max_used=18780Kb free=226985Kb
 bounds [0x0000000113858000, 0x0000000114ad8000, 0x0000000122858000]
 total_blobs=6150 nmethods=5390 adapters=680
 compilation: enabled

Compilation events (10 events):
Event: 553.496 Thread 0x00007fee3e823800 nmethod 6755 0x0000000114ac6190 code [0x0000000114ac62e0, 0x0000000114ac6450]
Event: 553.497 Thread 0x00007fee3d80d800 nmethod 6764 0x0000000114acb610 code [0x0000000114acb780, 0x0000000114acbb18]
Event: 553.500 Thread 0x00007fee3e04c000 6766       4       java.util.LinkedHashMap::afterNodeInsertion (40 bytes)
Event: 553.501 Thread 0x00007fee3e04c000 nmethod 6766 0x0000000114acbd90 code [0x0000000114acbee0, 0x0000000114acbfb8]
Event: 553.547 Thread 0x00007fee3e823800 6767       3       java.lang.Character::toString (16 bytes)
Event: 553.547 Thread 0x00007fee3e823800 nmethod 6767 0x0000000114acabd0 code [0x0000000114acad80, 0x0000000114acb328]
Event: 553.547 Thread 0x00007fee3e823800 6768       1       com.google.common.collect.ImmutableEntry::getKey (5 bytes)
Event: 553.547 Thread 0x00007fee3e823800 nmethod 6768 0x0000000114aca910 code [0x0000000114acaa60, 0x0000000114acab70]
Event: 553.564 Thread 0x00007fee3e823800 6769       3       java.lang.invoke.MethodTypeForm::cachedLambdaForm (44 bytes)
Event: 553.565 Thread 0x00007fee3e823800 nmethod 6769 0x0000000114aca1d0 code [0x0000000114aca360, 0x0000000114aca7b0]

GC Heap History (10 events):
Event: 80.388 GC heap before
{Heap before GC invocations=14 (full 2):
 PSYoungGen      total 112128K, used 102864K [0x00000007a0c00000, 0x00000007aaa00000, 0x00000007c0000000)
  eden space 96256K, 100% used [0x00000007a0c00000,0x00000007a6a00000,0x00000007a6a00000)
  from space 15872K, 41% used [0x00000007a6a00000,0x00000007a70740a0,0x00000007a7980000)
  to   space 14848K, 0% used [0x00000007a9b80000,0x00000007a9b80000,0x00000007aaa00000)
 ParOldGen       total 110592K, used 17978K [0x0000000762400000, 0x0000000769000000, 0x00000007a0c00000)
  object space 110592K, 16% used [0x0000000762400000,0x000000076358ebf0,0x0000000769000000)
 Metaspace       used 46171K, capacity 47302K, committed 47784K, reserved 1091584K
  class space    used 5296K, capacity 6029K, committed 6056K, reserved 1048576K
Event: 80.421 GC heap after
Heap after GC invocations=14 (full 2):
 PSYoungGen      total 139776K, used 7920K [0x00000007a0c00000, 0x00000007aa600000, 0x00000007c0000000)
  eden space 129024K, 0% used [0x00000007a0c00000,0x00000007a0c00000,0x00000007a8a00000)
  from space 10752K, 73% used [0x00000007a9b80000,0x00000007aa33c3f0,0x00000007aa600000)
  to   space 14336K, 0% used [0x00000007a8a00000,0x00000007a8a00000,0x00000007a9800000)
 ParOldGen       total 110592K, used 19427K [0x0000000762400000, 0x0000000769000000, 0x00000007a0c00000)
  object space 110592K, 17% used [0x0000000762400000,0x00000007636f8d50,0x0000000769000000)
 Metaspace       used 46171K, capacity 47302K, committed 47784K, reserved 1091584K
  class space    used 5296K, capacity 6029K, committed 6056K, reserved 1048576K
}
Event: 96.552 GC heap before
{Heap before GC invocations=15 (full 2):
 PSYoungGen      total 139776K, used 136944K [0x00000007a0c00000, 0x00000007aa600000, 0x00000007c0000000)
  eden space 129024K, 100% used [0x00000007a0c00000,0x00000007a8a00000,0x00000007a8a00000)
  from space 10752K, 73% used [0x00000007a9b80000,0x00000007aa33c3f0,0x00000007aa600000)
  to   space 14336K, 0% used [0x00000007a8a00000,0x00000007a8a00000,0x00000007a9800000)
 ParOldGen       total 110592K, used 19427K [0x0000000762400000, 0x0000000769000000, 0x00000007a0c00000)
  object space 110592K, 17% used [0x0000000762400000,0x00000007636f8d50,0x0000000769000000)
 Metaspace       used 52694K, capacity 53962K, committed 54440K, reserved 1097728K
  class space    used 6176K, capacity 7013K, committed 7080K, reserved 1048576K
Event: 96.586 GC heap after
Heap after GC invocations=15 (full 2):
 PSYoungGen      total 143360K, used 9099K [0x00000007a0c00000, 0x00000007acc00000, 0x00000007c0000000)
  eden space 129024K, 0% used [0x00000007a0c00000,0x00000007a0c00000,0x00000007a8a00000)
  from space 14336K, 63% used [0x00000007a8a00000,0x00000007a92e2dc8,0x00000007a9800000)
  to   space 14336K, 0% used [0x00000007abe00000,0x00000007abe00000,0x00000007acc00000)
 ParOldGen       total 110592K, used 21219K [0x0000000762400000, 0x0000000769000000, 0x00000007a0c00000)
  object space 110592K, 19% used [0x0000000762400000,0x00000007638b8f30,0x0000000769000000)
 Metaspace       used 52694K, capacity 53962K, committed 54440K, reserved 1097728K
  class space    used 6176K, capacity 7013K, committed 7080K, reserved 1048576K
}
Event: 98.657 GC heap before
{Heap before GC invocations=16 (full 2):
 PSYoungGen      total 143360K, used 40726K [0x00000007a0c00000, 0x00000007acc00000, 0x00000007c0000000)
  eden space 129024K, 24% used [0x00000007a0c00000,0x00000007a2ae2b38,0x00000007a8a00000)
  from space 14336K, 63% used [0x00000007a8a00000,0x00000007a92e2dc8,0x00000007a9800000)
  to   space 14336K, 0% used [0x00000007abe00000,0x00000007abe00000,0x00000007acc00000)
 ParOldGen       total 110592K, used 21219K [0x0000000762400000, 0x0000000769000000, 0x00000007a0c00000)
  object space 110592K, 19% used [0x0000000762400000,0x00000007638b8f30,0x0000000769000000)
 Metaspace       used 57473K, capacity 58706K, committed 59160K, reserved 1101824K
  class space    used 6532K, capacity 7365K, committed 7448K, reserved 1048576K
Event: 98.665 GC heap after
Heap after GC invocations=16 (full 2):
 PSYoungGen      total 175104K, used 4498K [0x00000007a0c00000, 0x00000007ac880000, 0x00000007c0000000)
  eden space 164352K, 0% used [0x00000007a0c00000,0x00000007a0c00000,0x00000007aac80000)
  from space 10752K, 41% used [0x00000007abe00000,0x00000007ac264808,0x00000007ac880000)
  to   space 14336K, 0% used [0x00000007aac80000,0x00000007aac80000,0x00000007aba80000)
 ParOldGen       total 110592K, used 23891K [0x0000000762400000, 0x0000000769000000, 0x00000007a0c00000)
  object space 110592K, 21% used [0x0000000762400000,0x0000000763b54e10,0x0000000769000000)
 Metaspace       used 57473K, capacity 58706K, committed 59160K, reserved 1101824K
  class space    used 6532K, capacity 7365K, committed 7448K, reserved 1048576K
}
Event: 98.665 GC heap before
{Heap before GC invocations=17 (full 3):
 PSYoungGen      total 175104K, used 4498K [0x00000007a0c00000, 0x00000007ac880000, 0x00000007c0000000)
  eden space 164352K, 0% used [0x00000007a0c00000,0x00000007a0c00000,0x00000007aac80000)
  from space 10752K, 41% used [0x00000007abe00000,0x00000007ac264808,0x00000007ac880000)
  to   space 14336K, 0% used [0x00000007aac80000,0x00000007aac80000,0x00000007aba80000)
 ParOldGen       total 110592K, used 23891K [0x0000000762400000, 0x0000000769000000, 0x00000007a0c00000)
  object space 110592K, 21% used [0x0000000762400000,0x0000000763b54e10,0x0000000769000000)
 Metaspace       used 57473K, capacity 58706K, committed 59160K, reserved 1101824K
  class space    used 6532K, capacity 7365K, committed 7448K, reserved 1048576K
Event: 98.857 GC heap after
Heap after GC invocations=17 (full 3):
 PSYoungGen      total 175104K, used 0K [0x00000007a0c00000, 0x00000007ac880000, 0x00000007c0000000)
  eden space 164352K, 0% used [0x00000007a0c00000,0x00000007a0c00000,0x00000007aac80000)
  from space 10752K, 0% used [0x00000007abe00000,0x00000007abe00000,0x00000007ac880000)
  to   space 14336K, 0% used [0x00000007aac80000,0x00000007aac80000,0x00000007aba80000)
 ParOldGen       total 146944K, used 26961K [0x0000000762400000, 0x000000076b380000, 0x00000007a0c00000)
  object space 146944K, 18% used [0x0000000762400000,0x0000000763e54560,0x000000076b380000)
 Metaspace       used 57473K, capacity 58706K, committed 59160K, reserved 1101824K
  class space    used 6532K, capacity 7365K, committed 7448K, reserved 1048576K
}
Event: 551.987 GC heap before
{Heap before GC invocations=18 (full 3):
 PSYoungGen      total 175104K, used 164352K [0x00000007a0c00000, 0x00000007ac880000, 0x00000007c0000000)
  eden space 164352K, 100% used [0x00000007a0c00000,0x00000007aac80000,0x00000007aac80000)
  from space 10752K, 0% used [0x00000007abe00000,0x00000007abe00000,0x00000007ac880000)
  to   space 14336K, 0% used [0x00000007aac80000,0x00000007aac80000,0x00000007aba80000)
 ParOldGen       total 146944K, used 26961K [0x0000000762400000, 0x000000076b380000, 0x00000007a0c00000)
  object space 146944K, 18% used [0x0000000762400000,0x0000000763e54560,0x000000076b380000)
 Metaspace       used 68079K, capacity 70714K, committed 71192K, reserved 1110016K
  class space    used 7878K, capacity 9913K, committed 10008K, reserved 1048576K
Event: 552.023 GC heap after
Heap after GC invocations=18 (full 3):
 PSYoungGen      total 178688K, used 13489K [0x00000007a0c00000, 0x00000007af500000, 0x00000007c0000000)
  eden space 164352K, 0% used [0x00000007a0c00000,0x00000007a0c00000,0x00000007aac80000)
  from space 14336K, 94% used [0x00000007aac80000,0x00000007ab9ac4a0,0x00000007aba80000)
  to   space 15872K, 0% used [0x00000007ae580000,0x00000007ae580000,0x00000007af500000)
 ParOldGen       total 146944K, used 26969K [0x0000000762400000, 0x000000076b380000, 0x00000007a0c00000)
  object space 146944K, 18% used [0x0000000762400000,0x0000000763e56560,0x000000076b380000)
 Metaspace       used 68079K, capacity 70714K, committed 71192K, reserved 1110016K
  class space    used 7878K, capacity 9913K, committed 10008K, reserved 1048576K
}

Deoptimization events (10 events):
Event: 103.140 Thread 0x00007fee46d10800 Uncommon trap: reason=class_check action=maybe_recompile pc=0x000000011438c49c method=com.google.common.base.Equivalence$Equals.doHash(Ljava/lang/Object;)I @ 1
Event: 129.330 Thread 0x00007fee46d10800 Uncommon trap: reason=unstable_if action=reinterpret pc=0x00000001146477d0 method=java.util.jar.JarFile.getManifestFromReference()Ljava/util/jar/Manifest; @ 39
Event: 536.729 Thread 0x00007fee3dcfb800 Uncommon trap: reason=unstable_if action=reinterpret pc=0x0000000113e44cdc method=java.lang.Long.equals(Ljava/lang/Object;)Z @ 19
Event: 553.381 Thread 0x00007fee47d7a000 Uncommon trap: reason=class_check action=maybe_recompile pc=0x0000000114aacf14 method=java.io.DataInputStream.readChar()C @ 4
Event: 553.381 Thread 0x00007fee47d7a000 Uncommon trap: reason=class_check action=maybe_recompile pc=0x0000000114aacf14 method=java.io.DataInputStream.readChar()C @ 4
Event: 553.381 Thread 0x00007fee47d7a000 Uncommon trap: reason=class_check action=maybe_recompile pc=0x0000000114aacf14 method=java.io.DataInputStream.readChar()C @ 4
Event: 553.381 Thread 0x00007fee47d7a000 Uncommon trap: reason=class_check action=maybe_recompile pc=0x0000000114aacf14 method=java.io.DataInputStream.readChar()C @ 4
Event: 553.491 Thread 0x00007fee47d7a000 Uncommon trap: reason=unstable_if action=reinterpret pc=0x0000000114ac1280 method=sun.text.normalizer.Trie.getCodePointOffset(I)I @ 9
Event: 553.491 Thread 0x00007fee47d7a000 Uncommon trap: reason=unstable_if action=reinterpret pc=0x0000000114ac1820 method=sun.text.normalizer.Trie.getCodePointOffset(I)I @ 9
Event: 553.494 Thread 0x00007fee47d7a000 Uncommon trap: reason=unstable_if action=reinterpret pc=0x0000000113af15e8 method=java.lang.Character.isHighSurrogate(C)Z @ 3

Classes redefined (0 events):
No events

Internal exceptions (10 events):
Event: 66.723 Thread 0x00007fee3dcfb800 Exception <a 'java/security/PrivilegedActionException'> (0x00000007a2fb7cd8) thrown at [/Users/java_re/workspace/8-2-build-macosx-x86_64/jdk8u152/9742/hotspot/src/share/vm/prims/jvm.cpp, line 1390]
Event: 66.725 Thread 0x00007fee3dcfb800 Exception <a 'java/lang/reflect/InvocationTargetException'> (0x00000007a2fba538) thrown at [/Users/java_re/workspace/8-2-build-macosx-x86_64/jdk8u152/9742/hotspot/src/share/vm/runtime/reflection.cpp, line 1092]
Event: 80.695 Thread 0x00007fee46d10800 Implicit null exception at 0x000000011419a3de to 0x000000011419af01
Event: 80.695 Thread 0x00007fee46d10800 Implicit null exception at 0x0000000113d6e6af to 0x0000000113d6e71d
Event: 98.879 Thread 0x00007fee46d10800 Implicit null exception at 0x00000001143861e5 to 0x0000000114386432
Event: 100.918 Thread 0x00007fee43854000 Exception <a 'java/lang/reflect/InvocationTargetException'> (0x00000007a3897278) thrown at [/Users/java_re/workspace/8-2-build-macosx-x86_64/jdk8u152/9742/hotspot/src/share/vm/runtime/reflection.cpp, line 1092]
Event: 101.552 Thread 0x00007fee43854000 Exception <a 'java/lang/reflect/InvocationTargetException'> (0x00000007a551f370) thrown at [/Users/java_re/workspace/8-2-build-macosx-x86_64/jdk8u152/9742/hotspot/src/share/vm/runtime/reflection.cpp, line 1092]
Event: 102.103 Thread 0x00007fee43854000 Implicit null exception at 0x0000000113d5c0fa to 0x0000000113d5cc79
Event: 102.103 Thread 0x00007fee43854000 Implicit null exception at 0x0000000113995861 to 0x0000000113995b89
Event: 103.282 Thread 0x00007fee46d10800 Exception <a 'java/lang/NullPointerException'> (0x00000007a83e0ab0) thrown at [/Users/java_re/workspace/8-2-build-macosx-x86_64/jdk8u152/9742/hotspot/src/share/vm/interpreter/linkResolver.cpp, line 1287]

Events (10 events):
Event: 553.550 Thread 0x00007fee47d7a000 DEOPT PACKING pc=0x0000000114069254 sp=0x000070000ff85720
Event: 553.550 Thread 0x00007fee47d7a000 DEOPT UNPACKING pc=0x000000011389f633 sp=0x000070000ff85460 mode 1
Event: 553.550 Thread 0x00007fee47d7a000 DEOPT PACKING pc=0x0000000113c91c84 sp=0x000070000ff857b0
Event: 553.550 Thread 0x00007fee47d7a000 DEOPT UNPACKING pc=0x000000011389f633 sp=0x000070000ff85498 mode 1
Event: 553.565 loading class org/apache/iceberg/util/Pair
Event: 553.565 loading class org/apache/iceberg/util/Pair done
Event: 553.565 Thread 0x00007fee47d7a000 DEOPT PACKING pc=0x0000000114069254 sp=0x000070000ff85380
Event: 553.565 Thread 0x00007fee47d7a000 DEOPT UNPACKING pc=0x000000011389f633 sp=0x000070000ff850c0 mode 1
Event: 553.565 Thread 0x00007fee47d7a000 DEOPT PACKING pc=0x0000000113c91c84 sp=0x000070000ff85410
Event: 553.565 Thread 0x00007fee47d7a000 DEOPT UNPACKING pc=0x000000011389f633 sp=0x000070000ff850f8 mode 1


Dynamic libraries:
0x00000000037c3000 	/System/Library/Frameworks/Cocoa.framework/Versions/A/Cocoa
0x00000000037c3000 	/System/Library/Frameworks/Security.framework/Versions/A/Security
0x00000000037c3000 	/System/Library/Frameworks/ApplicationServices.framework/Versions/A/ApplicationServices
0x00000000037c3000 	/usr/lib/libz.1.dylib
0x00000000037c3000 	/usr/lib/libSystem.B.dylib
0x00000000037c3000 	/usr/lib/libobjc.A.dylib
0x00000000037c3000 	/System/Library/Frameworks/CoreFoundation.framework/Versions/A/CoreFoundation
0x00000000037c3000 	/System/Library/Frameworks/Foundation.framework/Versions/C/Foundation
0x00000000037c3000 	/System/Library/Frameworks/AppKit.framework/Versions/C/AppKit
0x00000000037c3000 	/System/Library/Frameworks/CoreData.framework/Versions/A/CoreData
0x00000000037c3000 	/System/Library/PrivateFrameworks/UIFoundation.framework/Versions/A/UIFoundation
0x00000000037c3000 	/System/Library/PrivateFrameworks/RemoteViewServices.framework/Versions/A/RemoteViewServices
0x00000000037c3000 	/System/Library/PrivateFrameworks/XCTTargetBootstrap.framework/Versions/A/XCTTargetBootstrap
0x00000000037c3000 	/System/Library/Frameworks/CoreDisplay.framework/Versions/A/CoreDisplay
0x00000000037c3000 	/System/Library/Frameworks/Metal.framework/Versions/A/Metal
0x00000000037c3000 	/System/Library/PrivateFrameworks/DesktopServicesPriv.framework/Versions/A/DesktopServicesPriv
0x00000000037c3000 	/usr/lib/liblangid.dylib
0x00000000037c3000 	/System/Library/PrivateFrameworks/CoreSVG.framework/Versions/A/CoreSVG
0x00000000037c3000 	/System/Library/PrivateFrameworks/SkyLight.framework/Versions/A/SkyLight
0x00000000037c3000 	/System/Library/Frameworks/CoreGraphics.framework/Versions/A/CoreGraphics
0x00000000037c3000 	/System/Library/Frameworks/Accelerate.framework/Versions/A/Accelerate
0x00000000037c3000 	/usr/lib/libxml2.2.dylib
0x00000000037c3000 	/System/Library/PrivateFrameworks/IconServices.framework/Versions/A/IconServices
0x00000000037c3000 	/System/Library/Frameworks/IOSurface.framework/Versions/A/IOSurface
0x00000000037c3000 	/usr/lib/libDiagnosticMessagesClient.dylib
0x00000000037c3000 	/System/Library/PrivateFrameworks/DFRFoundation.framework/Versions/A/DFRFoundation
0x00000000037c3000 	/usr/lib/libicucore.A.dylib
0x00000000037c3000 	/System/Library/Frameworks/AudioToolbox.framework/Versions/A/AudioToolbox
0x00000000037c3000 	/System/Library/Frameworks/AudioUnit.framework/Versions/A/AudioUnit
0x00000000037c3000 	/usr/lib/libauto.dylib
0x00000000037c3000 	/System/Library/PrivateFrameworks/DataDetectorsCore.framework/Versions/A/DataDetectorsCore
0x00000000037c3000 	/System/Library/Frameworks/Carbon.framework/Versions/A/Frameworks/HIToolbox.framework/Versions/A/HIToolbox
0x00000000037c3000 	/System/Library/Frameworks/QuartzCore.framework/Versions/A/QuartzCore
0x00000000037c3000 	/System/Library/Frameworks/Carbon.framework/Versions/A/Frameworks/SpeechRecognition.framework/Versions/A/SpeechRecognition
0x00000000037c3000 	/System/Library/PrivateFrameworks/CoreUI.framework/Versions/A/CoreUI
0x00000000037c3000 	/System/Library/Frameworks/CoreAudio.framework/Versions/A/CoreAudio
0x00000000037c3000 	/System/Library/Frameworks/DiskArbitration.framework/Versions/A/DiskArbitration
0x00000000037c3000 	/System/Library/PrivateFrameworks/MultitouchSupport.framework/Versions/A/MultitouchSupport
0x00000000037c3000 	/usr/lib/libenergytrace.dylib
0x00000000037c3000 	/System/Library/Frameworks/IOKit.framework/Versions/A/IOKit
0x00000000037c3000 	/System/Library/Frameworks/CoreServices.framework/Versions/A/CoreServices
0x00000000037c3000 	/System/Library/PrivateFrameworks/PerformanceAnalysis.framework/Versions/A/PerformanceAnalysis
0x00000000037c3000 	/System/Library/Frameworks/OpenGL.framework/Versions/A/OpenGL
0x00000000037c3000 	/System/Library/Frameworks/ColorSync.framework/Versions/A/ColorSync
0x00000000037c3000 	/System/Library/Frameworks/CoreImage.framework/Versions/A/CoreImage
0x00000000037c3000 	/System/Library/Frameworks/CoreText.framework/Versions/A/CoreText
0x00000000037c3000 	/System/Library/Frameworks/ImageIO.framework/Versions/A/ImageIO
0x00000000037c3000 	/usr/lib/libc++.1.dylib
0x00000000037c3000 	/usr/lib/libcompression.dylib
0x00000000037c3000 	/usr/lib/libMobileGestalt.dylib
0x00000000037c3000 	/System/Library/PrivateFrameworks/TextureIO.framework/Versions/A/TextureIO
0x00000000037c3000 	/usr/lib/libate.dylib
0x00000000037c3000 	/System/Library/PrivateFrameworks/InternationalSupport.framework/Versions/A/InternationalSupport
0x00000000037c3000 	/usr/lib/system/libcache.dylib
0x00000000037c3000 	/usr/lib/system/libcommonCrypto.dylib
0x00000000037c3000 	/usr/lib/system/libcompiler_rt.dylib
0x00000000037c3000 	/usr/lib/system/libcopyfile.dylib
0x00000000037c3000 	/usr/lib/system/libcorecrypto.dylib
0x00000000037c3000 	/usr/lib/system/libdispatch.dylib
0x00000000037c3000 	/usr/lib/system/libdyld.dylib
0x00000000037c3000 	/usr/lib/system/libkeymgr.dylib
0x00000000037c3000 	/usr/lib/system/liblaunch.dylib
0x00000000037c3000 	/usr/lib/system/libmacho.dylib
0x00000000037c3000 	/usr/lib/system/libquarantine.dylib
0x00000000037c3000 	/usr/lib/system/libremovefile.dylib
0x00000000037c3000 	/usr/lib/system/libsystem_asl.dylib
0x00000000037c3000 	/usr/lib/system/libsystem_blocks.dylib
0x00000000037c3000 	/usr/lib/system/libsystem_c.dylib
0x00000000037c3000 	/usr/lib/system/libsystem_configuration.dylib
0x00000000037c3000 	/usr/lib/system/libsystem_coreservices.dylib
0x00000000037c3000 	/usr/lib/system/libsystem_darwin.dylib
0x00000000037c3000 	/usr/lib/system/libsystem_dnssd.dylib
0x00000000037c3000 	/usr/lib/system/libsystem_featureflags.dylib
0x00000000037c3000 	/usr/lib/system/libsystem_info.dylib
0x00000000037c3000 	/usr/lib/system/libsystem_m.dylib
0x00000000037c3000 	/usr/lib/system/libsystem_malloc.dylib
0x00000000037c3000 	/usr/lib/system/libsystem_networkextension.dylib
0x00000000037c3000 	/usr/lib/system/libsystem_notify.dylib
0x00000000037c3000 	/usr/lib/system/libsystem_sandbox.dylib
0x00000000037c3000 	/usr/lib/system/libsystem_secinit.dylib
0x00000000037c3000 	/usr/lib/system/libsystem_kernel.dylib
0x00000000037c3000 	/usr/lib/system/libsystem_platform.dylib
0x00000000037c3000 	/usr/lib/system/libsystem_pthread.dylib
0x00000000037c3000 	/usr/lib/system/libsystem_symptoms.dylib
0x00000000037c3000 	/usr/lib/system/libsystem_trace.dylib
0x00000000037c3000 	/usr/lib/system/libunwind.dylib
0x00000000037c3000 	/usr/lib/system/libxpc.dylib
0x00000000037c3000 	/usr/lib/libc++abi.dylib
0x00000000037c3000 	/usr/lib/liblzma.5.dylib
0x00000000037c3000 	/usr/lib/libfakelink.dylib
0x00000000037c3000 	/usr/lib/libarchive.2.dylib
0x00000000037c3000 	/System/Library/Frameworks/SystemConfiguration.framework/Versions/A/SystemConfiguration
0x00000000037c3000 	/usr/lib/libCRFSuite.dylib
0x00000000037c3000 	/System/Library/Frameworks/CFNetwork.framework/Versions/A/CFNetwork
0x00000000037c3000 	/usr/lib/libbsm.0.dylib
0x00000000037c3000 	/usr/lib/system/libkxld.dylib
0x00000000037c3000 	/System/Library/PrivateFrameworks/AppleFSCompression.framework/Versions/A/AppleFSCompression
0x00000000037c3000 	/usr/lib/libcoretls.dylib
0x00000000037c3000 	/usr/lib/libcoretls_cfhelpers.dylib
0x00000000037c3000 	/usr/lib/libpam.2.dylib
0x00000000037c3000 	/usr/lib/libsqlite3.dylib
0x00000000037c3000 	/usr/lib/libxar.1.dylib
0x00000000037c3000 	/usr/lib/libbz2.1.0.dylib
0x00000000037c3000 	/usr/lib/libiconv.2.dylib
0x00000000037c3000 	/usr/lib/libcharset.1.dylib
0x00000000037c3000 	/usr/lib/libnetwork.dylib
0x00000000037c3000 	/usr/lib/libpcap.A.dylib
0x00000000037c3000 	/usr/lib/libapple_nghttp2.dylib
0x00000000037c3000 	/System/Library/Frameworks/CoreServices.framework/Versions/A/Frameworks/FSEvents.framework/Versions/A/FSEvents
0x00000000037c3000 	/System/Library/Frameworks/CoreServices.framework/Versions/A/Frameworks/CarbonCore.framework/Versions/A/CarbonCore
0x00000000037c3000 	/System/Library/Frameworks/CoreServices.framework/Versions/A/Frameworks/Metadata.framework/Versions/A/Metadata
0x00000000037c3000 	/System/Library/Frameworks/CoreServices.framework/Versions/A/Frameworks/OSServices.framework/Versions/A/OSServices
0x00000000037c3000 	/System/Library/Frameworks/CoreServices.framework/Versions/A/Frameworks/SearchKit.framework/Versions/A/SearchKit
0x00000000037c3000 	/System/Library/Frameworks/CoreServices.framework/Versions/A/Frameworks/AE.framework/Versions/A/AE
0x00000000037c3000 	/System/Library/Frameworks/CoreServices.framework/Versions/A/Frameworks/LaunchServices.framework/Versions/A/LaunchServices
0x00000000037c3000 	/System/Library/Frameworks/CoreServices.framework/Versions/A/Frameworks/DictionaryServices.framework/Versions/A/DictionaryServices
0x00000000037c3000 	/System/Library/Frameworks/CoreServices.framework/Versions/A/Frameworks/SharedFileList.framework/Versions/A/SharedFileList
0x00000000037c3000 	/System/Library/Frameworks/NetFS.framework/Versions/A/NetFS
0x00000000037c3000 	/System/Library/PrivateFrameworks/NetAuth.framework/Versions/A/NetAuth
0x00000000037c3000 	/System/Library/PrivateFrameworks/login.framework/Versions/A/Frameworks/loginsupport.framework/Versions/A/loginsupport
0x00000000037c3000 	/System/Library/PrivateFrameworks/TCC.framework/Versions/A/TCC
0x00000000037c3000 	/System/Library/PrivateFrameworks/CoreNLP.framework/Versions/A/CoreNLP
0x00000000037c3000 	/System/Library/PrivateFrameworks/MetadataUtilities.framework/Versions/A/MetadataUtilities
0x00000000037c3000 	/usr/lib/libmecabra.dylib
0x00000000037c3000 	/usr/lib/libmecab.dylib
0x00000000037c3000 	/usr/lib/libgermantok.dylib
0x00000000037c3000 	/usr/lib/libThaiTokenizer.dylib
0x00000000037c3000 	/usr/lib/libChineseTokenizer.dylib
0x00000000037c3000 	/System/Library/Frameworks/Accelerate.framework/Versions/A/Frameworks/vImage.framework/Versions/A/vImage
0x00000000037c3000 	/System/Library/Frameworks/Accelerate.framework/Versions/A/Frameworks/vecLib.framework/Versions/A/vecLib
0x00000000037c3000 	/System/Library/Frameworks/Accelerate.framework/Versions/A/Frameworks/vecLib.framework/Versions/A/libvMisc.dylib
0x00000000037c3000 	/System/Library/Frameworks/Accelerate.framework/Versions/A/Frameworks/vecLib.framework/Versions/A/libvDSP.dylib
0x00000000037c3000 	/System/Library/Frameworks/Accelerate.framework/Versions/A/Frameworks/vecLib.framework/Versions/A/libBLAS.dylib
0x00000000037c3000 	/System/Library/Frameworks/Accelerate.framework/Versions/A/Frameworks/vecLib.framework/Versions/A/libLAPACK.dylib
0x00000000037c3000 	/System/Library/Frameworks/Accelerate.framework/Versions/A/Frameworks/vecLib.framework/Versions/A/libLinearAlgebra.dylib
0x00000000037c3000 	/System/Library/Frameworks/Accelerate.framework/Versions/A/Frameworks/vecLib.framework/Versions/A/libSparseBLAS.dylib
0x00000000037c3000 	/System/Library/Frameworks/Accelerate.framework/Versions/A/Frameworks/vecLib.framework/Versions/A/libQuadrature.dylib
0x00000000037c3000 	/System/Library/Frameworks/Accelerate.framework/Versions/A/Frameworks/vecLib.framework/Versions/A/libBNNS.dylib
0x00000000037c3000 	/System/Library/Frameworks/Accelerate.framework/Versions/A/Frameworks/vecLib.framework/Versions/A/libSparse.dylib
0x00000000037c3000 	/System/Library/PrivateFrameworks/LanguageModeling.framework/Versions/A/LanguageModeling
0x00000000037c3000 	/System/Library/PrivateFrameworks/CoreEmoji.framework/Versions/A/CoreEmoji
0x00000000037c3000 	/System/Library/PrivateFrameworks/LinguisticData.framework/Versions/A/LinguisticData
0x00000000037c3000 	/System/Library/PrivateFrameworks/Lexicon.framework/Versions/A/Lexicon
0x00000000037c3000 	/usr/lib/libcmph.dylib
0x00000000037c3000 	/System/Library/Frameworks/OpenDirectory.framework/Versions/A/Frameworks/CFOpenDirectory.framework/Versions/A/CFOpenDirectory
0x00000000037c3000 	/System/Library/Frameworks/OpenDirectory.framework/Versions/A/OpenDirectory
0x00000000037c3000 	/System/Library/PrivateFrameworks/APFS.framework/Versions/A/APFS
0x00000000037c3000 	/System/Library/Frameworks/SecurityFoundation.framework/Versions/A/SecurityFoundation
0x00000000037c3000 	/usr/lib/libutil.dylib
0x00000000037c3000 	/System/Library/PrivateFrameworks/CoreServicesStore.framework/Versions/A/CoreServicesStore
0x00000000037c3000 	/System/Library/Frameworks/ServiceManagement.framework/Versions/A/ServiceManagement
0x00000000037c3000 	/System/Library/PrivateFrameworks/BackgroundTaskManagement.framework/Versions/A/BackgroundTaskManagement
0x00000000037c3000 	/usr/lib/libxslt.1.dylib
0x00000000037c3000 	/System/Library/PrivateFrameworks/AppleSystemInfo.framework/Versions/A/AppleSystemInfo
0x00000000037c3000 	/System/Library/Frameworks/ImageIO.framework/Versions/A/Resources/libJPEG.dylib
0x00000000037c3000 	/System/Library/Frameworks/ImageIO.framework/Versions/A/Resources/libTIFF.dylib
0x00000000037c3000 	/System/Library/Frameworks/ImageIO.framework/Versions/A/Resources/libPng.dylib
0x00000000037c3000 	/System/Library/Frameworks/ImageIO.framework/Versions/A/Resources/libGIF.dylib
0x00000000037c3000 	/System/Library/Frameworks/ImageIO.framework/Versions/A/Resources/libJP2.dylib
0x00000000037c3000 	/System/Library/Frameworks/ImageIO.framework/Versions/A/Resources/libRadiance.dylib
0x00000000037c3000 	/usr/lib/libexpat.1.dylib
0x00000000037c3000 	/System/Library/PrivateFrameworks/AppleJPEG.framework/Versions/A/AppleJPEG
0x00000000037c3000 	/System/Library/PrivateFrameworks/FontServices.framework/libFontParser.dylib
0x00000000037c3000 	/System/Library/PrivateFrameworks/WatchdogClient.framework/Versions/A/WatchdogClient
0x00000000037c3000 	/System/Library/PrivateFrameworks/IOAccelerator.framework/Versions/A/IOAccelerator
0x00000000037c3000 	/System/Library/Frameworks/MetalPerformanceShaders.framework/Versions/A/MetalPerformanceShaders
0x00000000037c3000 	/System/Library/PrivateFrameworks/GPUWrangler.framework/Versions/A/GPUWrangler
0x00000000037c3000 	/System/Library/PrivateFrameworks/IOPresentment.framework/Versions/A/IOPresentment
0x00000000037c3000 	/System/Library/PrivateFrameworks/DSExternalDisplay.framework/Versions/A/DSExternalDisplay
0x00000000037c3000 	/System/Library/Frameworks/OpenGL.framework/Versions/A/Libraries/libCoreFSCache.dylib
0x00000000037c3000 	/System/Library/Frameworks/MetalPerformanceShaders.framework/Frameworks/MPSCore.framework/Versions/A/MPSCore
0x00000000037c3000 	/System/Library/Frameworks/MetalPerformanceShaders.framework/Frameworks/MPSImage.framework/Versions/A/MPSImage
0x00000000037c3000 	/System/Library/Frameworks/MetalPerformanceShaders.framework/Frameworks/MPSNeuralNetwork.framework/Versions/A/MPSNeuralNetwork
0x00000000037c3000 	/System/Library/Frameworks/MetalPerformanceShaders.framework/Frameworks/MPSMatrix.framework/Versions/A/MPSMatrix
0x00000000037c3000 	/System/Library/Frameworks/MetalPerformanceShaders.framework/Frameworks/MPSRayIntersector.framework/Versions/A/MPSRayIntersector
0x00000000037c3000 	/System/Library/Frameworks/MetalPerformanceShaders.framework/Frameworks/MPSNDArray.framework/Versions/A/MPSNDArray
0x00000000037c3000 	/System/Library/PrivateFrameworks/MetalTools.framework/Versions/A/MetalTools
0x00000000037c3000 	/System/Library/PrivateFrameworks/AggregateDictionary.framework/Versions/A/AggregateDictionary
0x00000000037c3000 	/System/Library/PrivateFrameworks/CoreAnalytics.framework/Versions/A/CoreAnalytics
0x00000000037c3000 	/System/Library/PrivateFrameworks/AppleSauce.framework/Versions/A/AppleSauce
0x00000000037c3000 	/usr/lib/libIOReport.dylib
0x00000000037c3000 	/System/Library/Frameworks/CoreVideo.framework/Versions/A/CoreVideo
0x00000000037c3000 	/System/Library/PrivateFrameworks/GraphVisualizer.framework/Versions/A/GraphVisualizer
0x00000000037c3000 	/System/Library/PrivateFrameworks/FaceCore.framework/Versions/A/FaceCore
0x00000000037c3000 	/System/Library/Frameworks/OpenCL.framework/Versions/A/OpenCL
0x00000000037c3000 	/usr/lib/libFosl_dynamic.dylib
0x00000000037c3000 	/System/Library/PrivateFrameworks/OTSVG.framework/Versions/A/OTSVG
0x00000000037c3000 	/System/Library/Frameworks/ApplicationServices.framework/Versions/A/Frameworks/ATS.framework/Versions/A/Resources/libFontRegistry.dylib
0x00000000037c3000 	/System/Library/PrivateFrameworks/FontServices.framework/libhvf.dylib
0x00000000037c3000 	/System/Library/Frameworks/OpenGL.framework/Versions/A/Libraries/libGFXShared.dylib
0x00000000037c3000 	/System/Library/Frameworks/OpenGL.framework/Versions/A/Libraries/libGLU.dylib
0x00000000037c3000 	/System/Library/Frameworks/OpenGL.framework/Versions/A/Libraries/libGL.dylib
0x00000000037c3000 	/System/Library/Frameworks/OpenGL.framework/Versions/A/Libraries/libGLImage.dylib
0x00000000037c3000 	/System/Library/Frameworks/OpenGL.framework/Versions/A/Libraries/libCVMSPluginSupport.dylib
0x00000000037c3000 	/System/Library/Frameworks/OpenGL.framework/Versions/A/Libraries/libCoreVMClient.dylib
0x00000000037c3000 	/usr/lib/libncurses.5.4.dylib
0x00000000037c3000 	/System/Library/Frameworks/ApplicationServices.framework/Versions/A/Frameworks/ATS.framework/Versions/A/ATS
0x00000000037c3000 	/System/Library/Frameworks/ApplicationServices.framework/Versions/A/Frameworks/ColorSyncLegacy.framework/Versions/A/ColorSyncLegacy
0x00000000037c3000 	/System/Library/Frameworks/ApplicationServices.framework/Versions/A/Frameworks/HIServices.framework/Versions/A/HIServices
0x00000000037c3000 	/System/Library/Frameworks/ApplicationServices.framework/Versions/A/Frameworks/LangAnalysis.framework/Versions/A/LangAnalysis
0x00000000037c3000 	/System/Library/Frameworks/ApplicationServices.framework/Versions/A/Frameworks/PrintCore.framework/Versions/A/PrintCore
0x00000000037c3000 	/System/Library/Frameworks/ApplicationServices.framework/Versions/A/Frameworks/QD.framework/Versions/A/QD
0x00000000037c3000 	/System/Library/Frameworks/ApplicationServices.framework/Versions/A/Frameworks/SpeechSynthesis.framework/Versions/A/SpeechSynthesis
0x00000000037c3000 	/System/Library/Frameworks/ApplicationServices.framework/Versions/A/Frameworks/ATSUI.framework/Versions/A/ATSUI
0x00000000037c3000 	/usr/lib/libcups.2.dylib
0x00000000037c3000 	/System/Library/Frameworks/Kerberos.framework/Versions/A/Kerberos
0x00000000037c3000 	/System/Library/Frameworks/GSS.framework/Versions/A/GSS
0x00000000037c3000 	/usr/lib/libresolv.9.dylib
0x00000000037c3000 	/System/Library/PrivateFrameworks/Heimdal.framework/Versions/A/Heimdal
0x00000000037c3000 	/System/Library/Frameworks/Kerberos.framework/Versions/A/Libraries/libHeimdalProxy.dylib
0x00000000037c3000 	/usr/lib/libheimdal-asn1.dylib
0x00000000037c3000 	/System/Library/PrivateFrameworks/CommonAuth.framework/Versions/A/CommonAuth
0x00000000037c3000 	/System/Library/PrivateFrameworks/AssertionServices.framework/Versions/A/AssertionServices
0x00000000037c3000 	/System/Library/PrivateFrameworks/AudioToolboxCore.framework/Versions/A/AudioToolboxCore
0x00000000037c3000 	/System/Library/PrivateFrameworks/caulk.framework/Versions/A/caulk
0x00000000037c3000 	/System/Library/PrivateFrameworks/BaseBoard.framework/Versions/A/BaseBoard
0x00000000037c3000 	/System/Library/PrivateFrameworks/RunningBoardServices.framework/Versions/A/RunningBoardServices
0x00000000037c3000 	/System/Library/PrivateFrameworks/PersistentConnection.framework/Versions/A/PersistentConnection
0x00000000037c3000 	/System/Library/PrivateFrameworks/ProtocolBuffer.framework/Versions/A/ProtocolBuffer
0x00000000037c3000 	/System/Library/PrivateFrameworks/CommonUtilities.framework/Versions/A/CommonUtilities
0x00000000037c3000 	/System/Library/PrivateFrameworks/Bom.framework/Versions/A/Bom
0x00000000037c3000 	/usr/lib/libAudioToolboxUtility.dylib
0x00000000037c3000 	/System/Library/PrivateFrameworks/Backup.framework/Versions/A/Backup
0x00000000037c3000 	/System/Library/PrivateFrameworks/CrashReporterSupport.framework/Versions/A/CrashReporterSupport
0x00000000037c3000 	/System/Library/PrivateFrameworks/Sharing.framework/Versions/A/Sharing
0x00000000037c3000 	/System/Library/PrivateFrameworks/Apple80211.framework/Versions/A/Apple80211
0x00000000037c3000 	/System/Library/PrivateFrameworks/AuthKit.framework/Versions/A/AuthKit
0x00000000037c3000 	/System/Library/PrivateFrameworks/CoreUtils.framework/Versions/A/CoreUtils
0x00000000037c3000 	/System/Library/Frameworks/CoreWLAN.framework/Versions/A/CoreWLAN
0x00000000037c3000 	/System/Library/Frameworks/IOBluetooth.framework/Versions/A/IOBluetooth
0x00000000037c3000 	/System/Library/PrivateFrameworks/MobileKeyBag.framework/Versions/A/MobileKeyBag
0x00000000037c3000 	/System/Library/PrivateFrameworks/CorePhoneNumbers.framework/Versions/A/CorePhoneNumbers
0x00000000037c3000 	/System/Library/PrivateFrameworks/AppleIDAuthSupport.framework/Versions/A/AppleIDAuthSupport
0x00000000037c3000 	/System/Library/Frameworks/Network.framework/Versions/A/Network
0x00000000037c3000 	/System/Library/PrivateFrameworks/KeychainCircle.framework/Versions/A/KeychainCircle
0x00000000037c3000 	/System/Library/Frameworks/CoreBluetooth.framework/Versions/A/CoreBluetooth
0x00000000037c3000 	/System/Library/PrivateFrameworks/SpeechRecognitionCore.framework/Versions/A/SpeechRecognitionCore
0x000000010a200000 	/Library/Java/JavaVirtualMachines/jdk1.8.0_152.jdk/Contents/Home/jre/lib/server/libjvm.dylib
0x00000000037c3000 	/usr/lib/libstdc++.6.dylib
0x00000001090cf000 	/Library/Java/JavaVirtualMachines/jdk1.8.0_152.jdk/Contents/Home/jre/lib/libverify.dylib
0x00000001090dd000 	/Library/Java/JavaVirtualMachines/jdk1.8.0_152.jdk/Contents/Home/jre/lib/libjava.dylib
0x0000000109114000 	/Library/Java/JavaVirtualMachines/jdk1.8.0_152.jdk/Contents/Home/jre/lib/libjdwp.dylib
0x000000010915f000 	/Library/Java/JavaVirtualMachines/jdk1.8.0_152.jdk/Contents/Home/jre/lib/libnpt.dylib
0x00000001091ac000 	/Library/Java/JavaVirtualMachines/jdk1.8.0_152.jdk/Contents/Home/jre/lib/libzip.dylib
0x00000001111f6000 	/Library/Java/JavaVirtualMachines/jdk1.8.0_152.jdk/Contents/Home/jre/lib/libdt_socket.dylib
0x000000011129f000 	/Library/Java/JavaVirtualMachines/jdk1.8.0_152.jdk/Contents/Home/jre/lib/libnet.dylib
0x0000000111e42000 	/Library/Java/JavaVirtualMachines/jdk1.8.0_152.jdk/Contents/Home/jre/lib/libnio.dylib
0x0000000112455000 	/Library/Java/JavaVirtualMachines/jdk1.8.0_152.jdk/Contents/Home/jre/lib/libmanagement.dylib
0x000000011367b000 	/Library/Java/JavaVirtualMachines/jdk1.8.0_152.jdk/Contents/Home/jre/lib/libosx.dylib
0x0000000113689000 	/Library/Java/JavaVirtualMachines/jdk1.8.0_152.jdk/Contents/Home/jre/lib/libosxapp.dylib
0x00000000037c3000 	/System/Library/Frameworks/JavaVM.framework/Versions/A/Frameworks/JavaNativeFoundation.framework/Versions/A/JavaNativeFoundation
0x00000000037c3000 	/System/Library/Frameworks/JavaVM.framework/Versions/A/Frameworks/JavaRuntimeSupport.framework/Versions/A/JavaRuntimeSupport
0x00000000037c3000 	/System/Library/Frameworks/Carbon.framework/Versions/A/Carbon
0x00000000037c3000 	/System/Library/Frameworks/ExceptionHandling.framework/Versions/A/ExceptionHandling
0x00000000037c3000 	/System/Library/Frameworks/Carbon.framework/Versions/A/Frameworks/CommonPanels.framework/Versions/A/CommonPanels
0x00000000037c3000 	/System/Library/Frameworks/Carbon.framework/Versions/A/Frameworks/Help.framework/Versions/A/Help
0x00000000037c3000 	/System/Library/Frameworks/Carbon.framework/Versions/A/Frameworks/ImageCapture.framework/Versions/A/ImageCapture
0x00000000037c3000 	/System/Library/Frameworks/Carbon.framework/Versions/A/Frameworks/OpenScripting.framework/Versions/A/OpenScripting
0x00000000037c3000 	/System/Library/Frameworks/Carbon.framework/Versions/A/Frameworks/Ink.framework/Versions/A/Ink
0x00000000037c3000 	/System/Library/Frameworks/Carbon.framework/Versions/A/Frameworks/Print.framework/Versions/A/Print
0x00000000037c3000 	/System/Library/Frameworks/Carbon.framework/Versions/A/Frameworks/SecurityHI.framework/Versions/A/SecurityHI
0x00000000037c3000 	/System/Library/Frameworks/JavaVM.framework/Versions/A/JavaVM
0x00000000037c3000 	/System/Library/PrivateFrameworks/JavaLaunching.framework/Versions/A/JavaLaunching
0x00000000037c3000 	/System/Library/PrivateFrameworks/CoreSymbolication.framework/Versions/A/CoreSymbolication
0x00000000037c3000 	/System/Library/PrivateFrameworks/DebugSymbols.framework/Versions/A/DebugSymbols
0x00000001136a5000 	/Library/Java/JavaVirtualMachines/jdk1.8.0_152.jdk/Contents/Home/jre/lib/libjaas_unix.dylib

VM Arguments:
jvm_args: -Djava.security.manager=worker.org.gradle.process.internal.worker.child.BootstrapSecurityManager -Dorg.gradle.native=false -agentlib:jdwp=transport=dt_socket,server=n,suspend=y,address=65189 -Xmx1500m -Xbootclasspath:/Users/petervary/.gradle/caches/modules-2/files-2.1/com.google.errorprone/javac/9+181-r4173-1/bdf4c0aa7d540ee1f7bf14d47447aea4bbf450c5/javac-9+181-r4173-1.jar:/Library/Java/JavaVirtualMachines/jdk1.8.0_152.jdk/Contents/Home/jre/lib/resources.jar:/Library/Java/JavaVirtualMachines/jdk1.8.0_152.jdk/Contents/Home/jre/lib/rt.jar:/Library/Java/JavaVirtualMachines/jdk1.8.0_152.jdk/Contents/Home/jre/lib/sunrsasign.jar:/Library/Java/JavaVirtualMachines/jdk1.8.0_152.jdk/Contents/Home/jre/lib/jsse.jar:/Library/Java/JavaVirtualMachines/jdk1.8.0_152.jdk/Contents/Home/jre/lib/jce.jar:/Library/Java/JavaVirtualMachines/jdk1.8.0_152.jdk/Contents/Home/jre/lib/charsets.jar:/Library/Java/JavaVirtualMachines/jdk1.8.0_152.jdk/Contents/Home/jre/lib/jfr.jar:/Library/Java/JavaVirtualMachines/jdk1.8.0_152.jdk/Contents/Home/jre/classes -Dfile.encoding=UTF-8 -Duser.country=US -Duser.language=en -Duser.variant -ea 
java_command: worker.org.gradle.process.internal.worker.GradleWorkerMain 'Gradle Test Executor 55'
java_class_path (initial): /Users/petervary/.gradle/caches/5.4.1/workerMain/gradle-worker.jar
Launcher Type: SUN_STANDARD

Environment Variables:
JAVA_HOME=/Library/Java/JavaVirtualMachines/jdk1.8.0_152.jdk/Contents/Home
PATH=/usr/local/mysql/bin:/Users/petervary/java/maven/bin:/Users/petervary/dist/apache-hadoop/bin:/usr/local/bin:/usr/bin:/bin:/usr/sbin:/sbin
SHELL=/bin/bash

Signal Handlers:
SIGSEGV: [libjvm.dylib+0x5b494d], sa_mask[0]=11111111011111110111111111111111, sa_flags=SA_ONSTACK|SA_RESTART|SA_SIGINFO
SIGBUS: [libjvm.dylib+0x5b494d], sa_mask[0]=11111111011111110111111111111111, sa_flags=SA_RESTART|SA_SIGINFO
SIGFPE: [libjvm.dylib+0x48ab54], sa_mask[0]=11111111011111110111111111111111, sa_flags=SA_RESTART|SA_SIGINFO
SIGPIPE: [libjvm.dylib+0x48ab54], sa_mask[0]=11111111011111110111111111111111, sa_flags=SA_RESTART|SA_SIGINFO
SIGXFSZ: [libjvm.dylib+0x48ab54], sa_mask[0]=11111111011111110111111111111111, sa_flags=SA_RESTART|SA_SIGINFO
SIGILL: [libjvm.dylib+0x48ab54], sa_mask[0]=11111111011111110111111111111111, sa_flags=SA_RESTART|SA_SIGINFO
SIGUSR1: SIG_DFL, sa_mask[0]=00000000000000000000000000000000, sa_flags=none
SIGUSR2: [libjvm.dylib+0x48a672], sa_mask[0]=00100000000000000000000000000000, sa_flags=SA_RESTART|SA_SIGINFO
SIGHUP: [libjvm.dylib+0x488c49], sa_mask[0]=11111111011111110111111111111111, sa_flags=SA_RESTART|SA_SIGINFO
SIGINT: [libjvm.dylib+0x488c49], sa_mask[0]=11111111011111110111111111111111, sa_flags=SA_RESTART|SA_SIGINFO
SIGTERM: [libjvm.dylib+0x488c49], sa_mask[0]=11111111011111110111111111111111, sa_flags=SA_RESTART|SA_SIGINFO
SIGQUIT: [libjvm.dylib+0x488c49], sa_mask[0]=11111111011111110111111111111111, sa_flags=SA_RESTART|SA_SIGINFO


---------------  S Y S T E M  ---------------

OS:Bsduname:Darwin 19.6.0 Darwin Kernel Version 19.6.0: Thu Jun 18 20:49:00 PDT 2020; root:xnu-6153.141.1~1/RELEASE_X86_64 x86_64
rlimit: STACK 8192k, CORE 0k, NPROC 2784, NOFILE 10240, AS infinity
load average:17.94 13.75 16.84

CPU:total 8 (initial active 8) (4 cores per cpu, 2 threads per core) family 6 model 70 stepping 1, cmov, cx8, fxsr, mmx, sse, sse2, sse3, ssse3, sse4.1, sse4.2, popcnt, avx, avx2, aes, clmul, erms, lzcnt, ht, tsc, tscinvbit, bmi1, bmi2

Memory: 4k page, physical 16777216k(103216k free)

/proc/meminfo:


vm_info: Java HotSpot(TM) 64-Bit Server VM (25.152-b16) for bsd-amd64 JRE (1.8.0_152-b16), built on Sep 14 2017 02:31:13 by "java_re" with gcc 4.2.1 (Based on Apple Inc. build 5658) (LLVM build 2336.11.00)

time: Thu Oct  8 18:53:58 2020
elapsed time: 553 seconds (0d 0h 9m 13s)

