#
# A fatal error has been detected by the Java Runtime Environment:
#
#  SIGILL (0x4) at pc=0x000000013457cf12, pid=13074, tid=0x0000000000002003
#
# JRE version: OpenJDK Runtime Environment AppleJDK-8.0.312.7.1 (build 1.8.0_312-b07)
# Java VM: OpenJDK 64-Bit Server VM AppleJDK-8.0.312.7.1 (25.312-b07 mixed mode bsd-amd64 compressed oops)
# Problematic frame:
# C  [libboson-8249353338003169445.dylib+0x2c2f12]  std::panicking::try::h2715e49523c5b40c+0x32
#
# Failed to write core dump. Core dumps have been disabled. To enable core dumping, try "ulimit -c unlimited" before starting Java again
#
# If you would like to submit a bug report, please visit:
#   http://bugreport.java.com/bugreport/crash.jsp
# The crash happened outside the Java Virtual Machine in native code.
# See problematic frame for where to report the bug.
#

---------------  T H R E A D  ---------------

Current thread (0x00007f80bb00c800):  JavaThread "Test worker" [_thread_in_native, id=8195, stack(0x000000030537a000,0x000000030547a000)]

siginfo: si_signo: 4 (SIGILL), si_code: 1 (ILL_ILLOPC), si_addr: 0x000000013457cf12

Registers:
RAX=0x0000600006e1f4e0, RBX=0x00000003054772a0, RCX=0x0000000000000000, RDX=0x0000000000000004
RSP=0x0000000305477130, RBP=0x0000000305477210, RSI=0x0000000000000004, RDI=0x00007f80bb00c800
R8 =0x0000000000000000, R9 =0x000000000000005e, R10=0x0000000000000060, R11=0x00000000af40dffb
R12=0x0000000000000000, R13=0x000000013291b430, R14=0x000000000000000f, R15=0x00007f80bb00c800
RIP=0x000000013457cf12, EFLAGS=0x0000000000000246, ERR=0x0000000000000000
  TRAPNO=0x0000000000000006

Top of Stack: (sp=0x0000000305477130)
0x0000000305477130:   000000013291ba90 00000003054771d8
0x0000000305477140:   0000000305477180 000000013291b430
0x0000000305477150:   00007f80bb00c800 00000003054772e7
0x0000000305477160:   00007f80bb804ab0 00007f80bb00c800
0x0000000305477170:   0000000305477190 0000000109cef653
0x0000000305477180:   00007f80bb00c800 00007f80bb00c800
0x0000000305477190:   0000000305477220 0000000109bdfd66
0x00000003054771a0:   00006000004e05a0 00007f80bb8049a0
0x00000003054771b0:   00007f80bb80490f 0000600006e1f4e0
0x00000003054771c0:   0000000305477388 0000000305477308
0x00000003054771d0:   000000013291b430 00007f80bb00c800
0x00000003054771e0:   00006000024ca700 0000600002ee4600
0x00000003054771f0:   00000003054772e7 000000013291b430
0x0000000305477200:   0000000305477388 00007f80bb00c800
0x0000000305477210:   00000003054772f0 0000000134470b49
0x0000000305477220:   0000000305477290 0000000109bdfe80
0x0000000305477230:   000000013291b430 0000000000000004
0x0000000305477240:   000000013291b430 00007f80bb00c800
0x0000000305477250:   000000000000153d 000000013291b430
0x0000000305477260:   00007f80bb00c800 000000013291b430
0x0000000305477270:   0000000305477290 0000000109ceeab7
0x0000000305477280:   000000013291b430 00007f80bb00c800
0x0000000305477290:   0000000305477300 0000000109a3ad2f
0x00000003054772a0:   00000003054772e0 000000013291b430
0x00000003054772b0:   00007f80bb00c800 00007f80bb00c800
0x00000003054772c0:   00007f80bb00c800 000000013291b430
0x00000003054772d0:   00007f80bb00c800 000000013291b430
0x00000003054772e0:   00007f80bb00ca50 000000013291b430
0x00000003054772f0:   0000000305477310 00000001344f356d
0x0000000305477300:   0000000305477388 00007f80bb00ca50
0x0000000305477310:   0000000305477368 000000010af8ae47
0x0000000305477320:   000000010af8ab62 0000000305477328 

Instructions: (pc=0x000000013457cf12)
0x000000013457cef2:   fb 48 8b 12 48 8d 7d a0 e8 c1 74 b8 00 44 0f b6
0x000000013457cf02:   75 a0 49 83 fe 0f 0f 85 e9 00 00 00 48 8b 45 a8
0x000000013457cf12:   c5 f8 10 45 b0 c5 f8 29 85 60 ff ff ff 48 89 45
0x000000013457cf22:   a0 c5 f8 11 45 a8 48 8d bd 28 ff ff ff 48 8d 75 

Register to memory mapping:

RAX=0x0000600006e1f4e0 is an unknown value
RBX=0x00000003054772a0 is pointing into the stack for thread: 0x00007f80bb00c800
RCX=0x0000000000000000 is an unknown value
RDX=0x0000000000000004 is an unknown value
RSP=0x0000000305477130 is pointing into the stack for thread: 0x00007f80bb00c800
RBP=0x0000000305477210 is pointing into the stack for thread: 0x00007f80bb00c800
RSI=0x0000000000000004 is an unknown value
RDI=0x00007f80bb00c800 is a thread
R8 =0x0000000000000000 is an unknown value
R9 =0x000000000000005e is an unknown value
R10=0x0000000000000060 is an unknown value
R11=0x00000000af40dffb is an unknown value
R12=0x0000000000000000 is an unknown value
R13={method} {0x000000013291b430} 'init' '(Ljava/lang/String;)V' in 'com/apple/boson/NativeBase'
R14=0x000000000000000f is an unknown value
R15=0x00007f80bb00c800 is a thread


Stack: [0x000000030537a000,0x000000030547a000],  sp=0x0000000305477130,  free space=1012k
Native frames: (J=compiled Java code, j=interpreted, Vv=VM code, C=native code)
C  [libboson-8249353338003169445.dylib+0x2c2f12]  std::panicking::try::h2715e49523c5b40c+0x32
C  [libboson-8249353338003169445.dylib+0x1b6b49]  boson::errors::try_unwrap_or_throw::hc18b9582fe6977ce+0x19
C  [libboson-8249353338003169445.dylib+0x23956d]  Java_com_apple_boson_NativeBase_init+0x1d
j  com.apple.boson.NativeBase.init(Ljava/lang/String;)V+0
j  com.apple.boson.NativeBase.initWithLogConf()V+84
j  com.apple.boson.NativeBase.load()V+27
j  com.apple.boson.NativeBase.<clinit>()V+26
v  ~StubRoutines::call_stub
V  [libjvm.dylib+0x2c938f]  JavaCalls::call_helper(JavaValue*, methodHandle*, JavaCallArguments*, Thread*)+0x691
V  [libjvm.dylib+0x2997fc]  InstanceKlass::call_class_initializer_impl(instanceKlassHandle, Thread*)+0xf0
V  [libjvm.dylib+0x29864d]  InstanceKlass::initialize_impl(instanceKlassHandle, Thread*)+0x46f
V  [libjvm.dylib+0x2981ca]  InstanceKlass::initialize(Thread*)+0x3a
V  [libjvm.dylib+0x2983ae]  InstanceKlass::initialize_impl(instanceKlassHandle, Thread*)+0x1d0
V  [libjvm.dylib+0x2981ca]  InstanceKlass::initialize(Thread*)+0x3a
V  [libjvm.dylib+0x3cd339]  LinkResolver::resolve_static_call(CallInfo&, KlassHandle&, Symbol*, Symbol*, KlassHandle, bool, bool, Thread*)+0x99
V  [libjvm.dylib+0x3d0763]  LinkResolver::resolve_invokestatic(CallInfo&, constantPoolHandle, int, Thread*)+0x13f
V  [libjvm.dylib+0x3d0487]  LinkResolver::resolve_invoke(CallInfo&, Handle, constantPoolHandle, int, Bytecodes::Code, Thread*)+0x40d
V  [libjvm.dylib+0x2c2a70]  InterpreterRuntime::resolve_invoke(JavaThread*, Bytecodes::Code)+0x366
j  com.apple.boson.parquet.Utils.initColumnReader(Lorg/apache/parquet/column/ColumnDescriptor;IZ)J+161
j  com.apple.boson.parquet.AbstractColumnReader.initNative()V+23
j  com.apple.boson.parquet.ColumnReader.<init>(Lorg/apache/spark/sql/types/DataType;Lorg/apache/parquet/column/ColumnDescriptor;IZ)V+67
j  com.apple.boson.parquet.Utils.getColumnReader(Lorg/apache/spark/sql/types/DataType;Lorg/apache/parquet/column/ColumnDescriptor;IZZ)Lcom/apple/boson/parquet/ColumnReader;+39
j  com.apple.boson.parquet.BosonIcebergColumnReader.reset()V+29
j  org.apache.iceberg.spark.data.vectorized.boson.BosonBaseBatchReader.setRowGroupInfo(Lorg/apache/parquet/column/page/PageReadStore;Ljava/util/Map;J)V+69
j  org.apache.iceberg.spark.data.vectorized.boson.BosonColumnarBatchReader.setRowGroupInfo(Lorg/apache/parquet/column/page/PageReadStore;Ljava/util/Map;J)V+4
j  org.apache.iceberg.parquet.VectorizedParquetReader$FileIterator.advance()V+122
j  org.apache.iceberg.parquet.VectorizedParquetReader$FileIterator.next()Ljava/lang/Object;+28
j  org.apache.iceberg.spark.data.parquet.vectorized.TestParquetVectorizedReads.assertRecordsMatch(Lorg/apache/iceberg/Schema;ILjava/lang/Iterable;Ljava/io/File;ZZI)V+81
j  org.apache.iceberg.spark.data.parquet.vectorized.TestParquetDictionaryEncodedVectorizedReads.testMixedDictionaryNonDictionaryReads()V+255
v  ~StubRoutines::call_stub
V  [libjvm.dylib+0x2c938f]  JavaCalls::call_helper(JavaValue*, methodHandle*, JavaCallArguments*, Thread*)+0x691
V  [libjvm.dylib+0x4d526a]  Reflection::invoke(instanceKlassHandle, methodHandle, Handle, bool, objArrayHandle, BasicType, objArrayHandle, bool, Thread*)+0x752
V  [libjvm.dylib+0x4d5e22]  Reflection::invoke_method(oopDesc*, Handle, objArrayHandle, Thread*)+0x18a
V  [libjvm.dylib+0x344486]  JVM_InvokeMethod+0x210
J 38216  sun.reflect.NativeMethodAccessorImpl.invoke0(Ljava/lang/reflect/Method;Ljava/lang/Object;[Ljava/lang/Object;)Ljava/lang/Object; (0 bytes) @ 0x000000011115336d [0x0000000111153280+0xed]
J 38152 C2 sun.reflect.NativeMethodAccessorImpl.invoke(Ljava/lang/Object;[Ljava/lang/Object;)Ljava/lang/Object; (104 bytes) @ 0x0000000110caaad0 [0x0000000110caa700+0x3d0]
J 38204 C2 java.lang.reflect.Method.invoke(Ljava/lang/Object;[Ljava/lang/Object;)Ljava/lang/Object; (62 bytes) @ 0x0000000110ab8ef0 [0x0000000110ab8e40+0xb0]
j  org.junit.runners.model.FrameworkMethod$1.runReflectiveCall()Ljava/lang/Object;+15
J 44566 C1 org.junit.internal.runners.model.ReflectiveCallable.run()Ljava/lang/Object; (11 bytes) @ 0x0000000110800fc4 [0x0000000110800ec0+0x104]
j  org.junit.runners.model.FrameworkMethod.invokeExplosively(Ljava/lang/Object;[Ljava/lang/Object;)Ljava/lang/Object;+10
j  org.junit.internal.runners.statements.InvokeMethod.evaluate()V+12
j  org.junit.rules.ExternalResource$1.evaluate()V+19
J 44066 C1 org.junit.runners.ParentRunner$3.evaluate()V (22 bytes) @ 0x000000010b134d4c [0x000000010b134c40+0x10c]
j  org.junit.runners.BlockJUnit4ClassRunner$1.evaluate()V+11
j  org.junit.runners.ParentRunner.runLeaf(Lorg/junit/runners/model/Statement;Lorg/junit/runner/Description;Lorg/junit/runner/notification/RunNotifier;)V+17
j  org.junit.runners.BlockJUnit4ClassRunner.runChild(Lorg/junit/runners/model/FrameworkMethod;Lorg/junit/runner/notification/RunNotifier;)V+38
j  org.junit.runners.BlockJUnit4ClassRunner.runChild(Ljava/lang/Object;Lorg/junit/runner/notification/RunNotifier;)V+6
j  org.junit.runners.ParentRunner$4.run()V+12
j  org.junit.runners.ParentRunner$1.schedule(Ljava/lang/Runnable;)V+1
j  org.junit.runners.ParentRunner.runChildren(Lorg/junit/runner/notification/RunNotifier;)V+44
j  org.junit.runners.ParentRunner.access$100(Lorg/junit/runners/ParentRunner;Lorg/junit/runner/notification/RunNotifier;)V+2
j  org.junit.runners.ParentRunner$2.evaluate()V+8
J 44066 C1 org.junit.runners.ParentRunner$3.evaluate()V (22 bytes) @ 0x000000010b134d4c [0x000000010b134c40+0x10c]
j  org.junit.runners.ParentRunner.run(Lorg/junit/runner/notification/RunNotifier;)V+24
j  org.gradle.api.internal.tasks.testing.junit.JUnitTestClassExecutor.runTestClass(Ljava/lang/String;)V+296
j  org.gradle.api.internal.tasks.testing.junit.JUnitTestClassExecutor.execute(Ljava/lang/String;)V+14
j  org.gradle.api.internal.tasks.testing.junit.JUnitTestClassExecutor.execute(Ljava/lang/Object;)V+5
j  org.gradle.api.internal.tasks.testing.junit.AbstractJUnitTestClassProcessor.processTestClass(Lorg/gradle/api/internal/tasks/testing/TestClassRunInfo;)V+26
j  org.gradle.api.internal.tasks.testing.SuiteTestClassProcessor.processTestClass(Lorg/gradle/api/internal/tasks/testing/TestClassRunInfo;)V+5
j  sun.reflect.GeneratedMethodAccessor57.invoke(Ljava/lang/Object;[Ljava/lang/Object;)Ljava/lang/Object;+40
J 38204 C2 java.lang.reflect.Method.invoke(Ljava/lang/Object;[Ljava/lang/Object;)Ljava/lang/Object; (62 bytes) @ 0x0000000110ab8ef0 [0x0000000110ab8e40+0xb0]
J 46571 C1 org.gradle.internal.dispatch.ReflectionDispatch.dispatch(Lorg/gradle/internal/dispatch/MethodInvocation;)V (42 bytes) @ 0x000000010d7db76c [0x000000010d7db3e0+0x38c]
J 46570 C1 org.gradle.internal.dispatch.ReflectionDispatch.dispatch(Ljava/lang/Object;)V (9 bytes) @ 0x0000000111583e9c [0x0000000111583d40+0x15c]
j  org.gradle.internal.dispatch.ContextClassLoaderDispatch.dispatch(Ljava/lang/Object;)V+22
J 43919 C1 org.gradle.internal.dispatch.ProxyDispatchAdapter$DispatchingInvocationHandler.invoke(Ljava/lang/Object;Ljava/lang/reflect/Method;[Ljava/lang/Object;)Ljava/lang/Object; (184 bytes) @ 0x0000000110baf0bc [0x0000000110badd60+0x135c]
j  com.sun.proxy.$Proxy2.processTestClass(Lorg/gradle/api/internal/tasks/testing/TestClassRunInfo;)V+16
j  org.gradle.api.internal.tasks.testing.worker.TestWorker$2.run()V+34
j  org.gradle.api.internal.tasks.testing.worker.TestWorker.executeAndMaintainThreadName(Ljava/lang/Runnable;)V+1
j  org.gradle.api.internal.tasks.testing.worker.TestWorker.execute(Lorg/gradle/process/internal/worker/WorkerProcessContext;)V+80
j  org.gradle.api.internal.tasks.testing.worker.TestWorker.execute(Ljava/lang/Object;)V+5
j  org.gradle.process.internal.worker.child.ActionExecutionWorker.execute(Lorg/gradle/process/internal/worker/WorkerProcessContext;)V+65
j  org.gradle.process.internal.worker.child.SystemApplicationClassLoaderWorker.call()Ljava/lang/Void;+343
j  org.gradle.process.internal.worker.child.SystemApplicationClassLoaderWorker.call()Ljava/lang/Object;+1
j  worker.org.gradle.process.internal.worker.GradleWorkerMain.run()V+250
j  worker.org.gradle.process.internal.worker.GradleWorkerMain.main([Ljava/lang/String;)V+7
v  ~StubRoutines::call_stub
V  [libjvm.dylib+0x2c938f]  JavaCalls::call_helper(JavaValue*, methodHandle*, JavaCallArguments*, Thread*)+0x691
V  [libjvm.dylib+0x30426f]  jni_invoke_static(JNIEnv_*, JavaValue*, _jobject*, JNICallType, _jmethodID*, JNI_ArgumentPusher*, Thread*)+0x248
V  [libjvm.dylib+0x3078ee]  jni_CallStaticVoidMethod+0x1f7
C  [java+0x2d92]  JavaMain+0x9df
C  [libsystem_pthread.dylib+0x6259]  _pthread_start+0x7d
C  [libsystem_pthread.dylib+0x1c7b]  thread_start+0xf
C  0x0000000000000000

Java frames: (J=compiled Java code, j=interpreted, Vv=VM code)
j  com.apple.boson.NativeBase.init(Ljava/lang/String;)V+0
j  com.apple.boson.NativeBase.initWithLogConf()V+84
j  com.apple.boson.NativeBase.load()V+27
j  com.apple.boson.NativeBase.<clinit>()V+26
v  ~StubRoutines::call_stub
j  com.apple.boson.parquet.Utils.initColumnReader(Lorg/apache/parquet/column/ColumnDescriptor;IZ)J+161
j  com.apple.boson.parquet.AbstractColumnReader.initNative()V+23
j  com.apple.boson.parquet.ColumnReader.<init>(Lorg/apache/spark/sql/types/DataType;Lorg/apache/parquet/column/ColumnDescriptor;IZ)V+67
j  com.apple.boson.parquet.Utils.getColumnReader(Lorg/apache/spark/sql/types/DataType;Lorg/apache/parquet/column/ColumnDescriptor;IZZ)Lcom/apple/boson/parquet/ColumnReader;+39
j  com.apple.boson.parquet.BosonIcebergColumnReader.reset()V+29
j  org.apache.iceberg.spark.data.vectorized.boson.BosonBaseBatchReader.setRowGroupInfo(Lorg/apache/parquet/column/page/PageReadStore;Ljava/util/Map;J)V+69
j  org.apache.iceberg.spark.data.vectorized.boson.BosonColumnarBatchReader.setRowGroupInfo(Lorg/apache/parquet/column/page/PageReadStore;Ljava/util/Map;J)V+4
j  org.apache.iceberg.parquet.VectorizedParquetReader$FileIterator.advance()V+122
j  org.apache.iceberg.parquet.VectorizedParquetReader$FileIterator.next()Ljava/lang/Object;+28
j  org.apache.iceberg.spark.data.parquet.vectorized.TestParquetVectorizedReads.assertRecordsMatch(Lorg/apache/iceberg/Schema;ILjava/lang/Iterable;Ljava/io/File;ZZI)V+81
j  org.apache.iceberg.spark.data.parquet.vectorized.TestParquetDictionaryEncodedVectorizedReads.testMixedDictionaryNonDictionaryReads()V+255
v  ~StubRoutines::call_stub
J 38216  sun.reflect.NativeMethodAccessorImpl.invoke0(Ljava/lang/reflect/Method;Ljava/lang/Object;[Ljava/lang/Object;)Ljava/lang/Object; (0 bytes) @ 0x00000001111532f7 [0x0000000111153280+0x77]
J 38152 C2 sun.reflect.NativeMethodAccessorImpl.invoke(Ljava/lang/Object;[Ljava/lang/Object;)Ljava/lang/Object; (104 bytes) @ 0x0000000110caaad0 [0x0000000110caa700+0x3d0]
J 38204 C2 java.lang.reflect.Method.invoke(Ljava/lang/Object;[Ljava/lang/Object;)Ljava/lang/Object; (62 bytes) @ 0x0000000110ab8ef0 [0x0000000110ab8e40+0xb0]
j  org.junit.runners.model.FrameworkMethod$1.runReflectiveCall()Ljava/lang/Object;+15
J 44566 C1 org.junit.internal.runners.model.ReflectiveCallable.run()Ljava/lang/Object; (11 bytes) @ 0x0000000110800fc4 [0x0000000110800ec0+0x104]
j  org.junit.runners.model.FrameworkMethod.invokeExplosively(Ljava/lang/Object;[Ljava/lang/Object;)Ljava/lang/Object;+10
j  org.junit.internal.runners.statements.InvokeMethod.evaluate()V+12
j  org.junit.rules.ExternalResource$1.evaluate()V+19
J 44066 C1 org.junit.runners.ParentRunner$3.evaluate()V (22 bytes) @ 0x000000010b134d4c [0x000000010b134c40+0x10c]
j  org.junit.runners.BlockJUnit4ClassRunner$1.evaluate()V+11
j  org.junit.runners.ParentRunner.runLeaf(Lorg/junit/runners/model/Statement;Lorg/junit/runner/Description;Lorg/junit/runner/notification/RunNotifier;)V+17
j  org.junit.runners.BlockJUnit4ClassRunner.runChild(Lorg/junit/runners/model/FrameworkMethod;Lorg/junit/runner/notification/RunNotifier;)V+38
j  org.junit.runners.BlockJUnit4ClassRunner.runChild(Ljava/lang/Object;Lorg/junit/runner/notification/RunNotifier;)V+6
j  org.junit.runners.ParentRunner$4.run()V+12
j  org.junit.runners.ParentRunner$1.schedule(Ljava/lang/Runnable;)V+1
j  org.junit.runners.ParentRunner.runChildren(Lorg/junit/runner/notification/RunNotifier;)V+44
j  org.junit.runners.ParentRunner.access$100(Lorg/junit/runners/ParentRunner;Lorg/junit/runner/notification/RunNotifier;)V+2
j  org.junit.runners.ParentRunner$2.evaluate()V+8
J 44066 C1 org.junit.runners.ParentRunner$3.evaluate()V (22 bytes) @ 0x000000010b134d4c [0x000000010b134c40+0x10c]
j  org.junit.runners.ParentRunner.run(Lorg/junit/runner/notification/RunNotifier;)V+24
j  org.gradle.api.internal.tasks.testing.junit.JUnitTestClassExecutor.runTestClass(Ljava/lang/String;)V+296
j  org.gradle.api.internal.tasks.testing.junit.JUnitTestClassExecutor.execute(Ljava/lang/String;)V+14
j  org.gradle.api.internal.tasks.testing.junit.JUnitTestClassExecutor.execute(Ljava/lang/Object;)V+5
j  org.gradle.api.internal.tasks.testing.junit.AbstractJUnitTestClassProcessor.processTestClass(Lorg/gradle/api/internal/tasks/testing/TestClassRunInfo;)V+26
j  org.gradle.api.internal.tasks.testing.SuiteTestClassProcessor.processTestClass(Lorg/gradle/api/internal/tasks/testing/TestClassRunInfo;)V+5
j  sun.reflect.GeneratedMethodAccessor57.invoke(Ljava/lang/Object;[Ljava/lang/Object;)Ljava/lang/Object;+40
J 38204 C2 java.lang.reflect.Method.invoke(Ljava/lang/Object;[Ljava/lang/Object;)Ljava/lang/Object; (62 bytes) @ 0x0000000110ab8ef0 [0x0000000110ab8e40+0xb0]
J 46571 C1 org.gradle.internal.dispatch.ReflectionDispatch.dispatch(Lorg/gradle/internal/dispatch/MethodInvocation;)V (42 bytes) @ 0x000000010d7db76c [0x000000010d7db3e0+0x38c]
J 46570 C1 org.gradle.internal.dispatch.ReflectionDispatch.dispatch(Ljava/lang/Object;)V (9 bytes) @ 0x0000000111583e9c [0x0000000111583d40+0x15c]
j  org.gradle.internal.dispatch.ContextClassLoaderDispatch.dispatch(Ljava/lang/Object;)V+22
J 43919 C1 org.gradle.internal.dispatch.ProxyDispatchAdapter$DispatchingInvocationHandler.invoke(Ljava/lang/Object;Ljava/lang/reflect/Method;[Ljava/lang/Object;)Ljava/lang/Object; (184 bytes) @ 0x0000000110baf0bc [0x0000000110badd60+0x135c]
j  com.sun.proxy.$Proxy2.processTestClass(Lorg/gradle/api/internal/tasks/testing/TestClassRunInfo;)V+16
j  org.gradle.api.internal.tasks.testing.worker.TestWorker$2.run()V+34
j  org.gradle.api.internal.tasks.testing.worker.TestWorker.executeAndMaintainThreadName(Ljava/lang/Runnable;)V+1
j  org.gradle.api.internal.tasks.testing.worker.TestWorker.execute(Lorg/gradle/process/internal/worker/WorkerProcessContext;)V+80
j  org.gradle.api.internal.tasks.testing.worker.TestWorker.execute(Ljava/lang/Object;)V+5
j  org.gradle.process.internal.worker.child.ActionExecutionWorker.execute(Lorg/gradle/process/internal/worker/WorkerProcessContext;)V+65
j  org.gradle.process.internal.worker.child.SystemApplicationClassLoaderWorker.call()Ljava/lang/Void;+343
j  org.gradle.process.internal.worker.child.SystemApplicationClassLoaderWorker.call()Ljava/lang/Object;+1
j  worker.org.gradle.process.internal.worker.GradleWorkerMain.run()V+250
j  worker.org.gradle.process.internal.worker.GradleWorkerMain.main([Ljava/lang/String;)V+7
v  ~StubRoutines::call_stub

---------------  P R O C E S S  ---------------

Java Threads: ( => current thread )
  0x00007f80bd5d0800 JavaThread "ForkJoinPool.commonPool-worker-13" daemon [_thread_blocked, id=116527, stack(0x0000000308a52000,0x0000000308b52000)]
  0x00007f806c6e1000 JavaThread "ForkJoinPool.commonPool-worker-4" daemon [_thread_blocked, id=160063, stack(0x0000000308d5b000,0x0000000308e5b000)]
  0x00007f80bcc57800 JavaThread "Attach Listener" daemon [_thread_blocked, id=240323, stack(0x0000000308b55000,0x0000000308c55000)]
  0x00007f80bd5d4000 JavaThread "pool-708-thread-2" [_thread_in_native, id=192003, stack(0x000000030ef7e000,0x000000030f07e000)]
  0x00007f805f673800 JavaThread "pool-708-thread-1" [_thread_in_native, id=242199, stack(0x000000030ee7b000,0x000000030ef7b000)]
  0x00007f80abe67000 JavaThread "pool-709-thread-1" [_thread_blocked, id=111191, stack(0x000000030791f000,0x0000000307a1f000)]
  0x00007f80bdd4e000 JavaThread "QueryStageCreator-11" daemon [_thread_blocked, id=137219, stack(0x00000003103ba000,0x00000003104ba000)]
  0x00007f80be1fc000 JavaThread "QueryStageCreator-10" daemon [_thread_blocked, id=129335, stack(0x000000030e869000,0x000000030e969000)]
  0x00007f80692a4000 JavaThread "pool-682-thread-1" [_thread_in_native, id=109859, stack(0x000000030f38a000,0x000000030f48a000)]
  0x00007f80bd83a800 JavaThread "iceberg-hive-lock-heartbeat-0" daemon [_thread_blocked, id=46771, stack(0x0000000309573000,0x0000000309673000)]
  0x00007f805cd29800 JavaThread "pool-653-thread-2" [_thread_in_native, id=121767, stack(0x000000030833d000,0x000000030843d000)]
  0x00007f805ba85000 JavaThread "pool-653-thread-1" [_thread_in_native, id=67667, stack(0x000000030f081000,0x000000030f181000)]
  0x00007f8069259800 JavaThread "pool-627-thread-1" [_thread_in_native, id=97843, stack(0x000000030d633000,0x000000030d733000)]
  0x00007f80bc45a000 JavaThread "process reaper" daemon [_thread_blocked, id=69723, stack(0x0000000306152000,0x000000030617a000)]
  0x00007f805d07c800 JavaThread "pool-601-thread-1" [_thread_in_native, id=87627, stack(0x0000000308543000,0x0000000308643000)]
  0x00007f805ce66800 JavaThread "iceberg-worker-pool-9" daemon [_thread_blocked, id=103819, stack(0x000000030e560000,0x000000030e660000)]
  0x00007f80bcf2d000 JavaThread "iceberg-worker-pool-8" daemon [_thread_blocked, id=80791, stack(0x000000030e45d000,0x000000030e55d000)]
  0x00007f80bcf2c000 JavaThread "iceberg-worker-pool-7" daemon [_thread_blocked, id=122915, stack(0x000000030e35a000,0x000000030e45a000)]
  0x00007f80bccb9800 JavaThread "iceberg-worker-pool-6" daemon [_thread_blocked, id=119571, stack(0x000000030e154000,0x000000030e254000)]
  0x00007f80bde1a000 JavaThread "iceberg-worker-pool-5" daemon [_thread_blocked, id=89123, stack(0x000000030e051000,0x000000030e151000)]
  0x00007f80abdc8000 JavaThread "iceberg-worker-pool-4" daemon [_thread_blocked, id=101999, stack(0x000000030df4e000,0x000000030e04e000)]
  0x00007f80abdbf800 JavaThread "iceberg-worker-pool-3" daemon [_thread_blocked, id=117135, stack(0x000000030de4b000,0x000000030df4b000)]
  0x00007f80bcdec800 JavaThread "iceberg-worker-pool-2" daemon [_thread_blocked, id=94583, stack(0x000000030dd48000,0x000000030de48000)]
  0x00007f80abe66000 JavaThread "iceberg-worker-pool-1" daemon [_thread_blocked, id=123219, stack(0x000000030dc45000,0x000000030dd45000)]
  0x00007f806b070000 JavaThread "iceberg-worker-pool-0" daemon [_thread_blocked, id=98863, stack(0x000000030db42000,0x000000030dc42000)]
  0x00007f80688bd000 JavaThread "pool-573-thread-1" [_thread_in_native, id=51359, stack(0x000000030da3f000,0x000000030db3f000)]
  0x00007f80aafcd000 JavaThread "pool-322-thread-2" [_thread_in_native, id=122475, stack(0x000000030d93c000,0x000000030da3c000)]
  0x00007f80bdf82800 JavaThread "pool-322-thread-1" [_thread_in_native, id=63027, stack(0x000000030d839000,0x000000030d939000)]
  0x00007f80aafb2000 JavaThread "pool-296-thread-1" [_thread_in_native, id=101623, stack(0x000000030e257000,0x000000030e357000)]
  0x00007f80bcf52000 JavaThread "pool-270-thread-1" [_thread_in_native, id=90199, stack(0x000000030d736000,0x000000030d836000)]
  0x00007f805ccdb000 JavaThread "pool-244-thread-2" [_thread_in_native, id=117731, stack(0x000000030d42d000,0x000000030d52d000)]
  0x00007f805e602800 JavaThread "pool-244-thread-1" [_thread_in_native, id=117943, stack(0x000000030d32a000,0x000000030d42a000)]
  0x00007f805e64c000 JavaThread "pool-218-thread-2" [_thread_in_native, id=95591, stack(0x000000030d124000,0x000000030d224000)]
  0x00007f80bc94e000 JavaThread "pool-218-thread-1" [_thread_in_native, id=122287, stack(0x000000030d021000,0x000000030d121000)]
  0x00007f80bdec2000 JavaThread "iceberg-hive-lock-heartbeat-0" daemon [_thread_blocked, id=127747, stack(0x000000030894f000,0x0000000308a4f000)]
  0x00007f805aa60000 JavaThread "iceberg-hive-lock-heartbeat-0" daemon [_thread_blocked, id=70271, stack(0x000000030884c000,0x000000030894c000)]
  0x00007f80bca99000 JavaThread "iceberg-hive-lock-heartbeat-0" daemon [_thread_blocked, id=81535, stack(0x0000000308749000,0x0000000308849000)]
  0x00007f80bd6cf000 JavaThread "iceberg-hive-lock-heartbeat-0" daemon [_thread_blocked, id=44791, stack(0x0000000308646000,0x0000000308746000)]
  0x00007f805a883800 JavaThread "iceberg-hive-lock-heartbeat-0" daemon [_thread_blocked, id=124275, stack(0x000000030ca0f000,0x000000030cb0f000)]
  0x00007f805c57d800 JavaThread "pool-173-thread-2" [_thread_in_native, id=124759, stack(0x000000030c90c000,0x000000030ca0c000)]
  0x00007f80abeb4800 JavaThread "pool-173-thread-1" [_thread_in_native, id=82211, stack(0x000000030c809000,0x000000030c909000)]
  0x00007f80bdaa9000 JavaThread "iceberg-hive-lock-heartbeat-0" daemon [_thread_blocked, id=67959, stack(0x0000000309064000,0x0000000309164000)]
  0x00007f80bc888000 JavaThread "pool-144-thread-2" [_thread_in_native, id=60935, stack(0x0000000308440000,0x0000000308540000)]
  0x00007f80bc6f3800 JavaThread "pool-144-thread-1" [_thread_in_native, id=52331, stack(0x000000030c500000,0x000000030c600000)]
  0x00007f805d72d800 JavaThread "iceberg-hive-lock-heartbeat-0" daemon [_thread_blocked, id=90679, stack(0x000000030c1f7000,0x000000030c2f7000)]
  0x00007f805c90d000 JavaThread "pool-116-thread-1" [_thread_in_native, id=89935, stack(0x000000030c0f4000,0x000000030c1f4000)]
  0x00007f80bc9c0800 JavaThread "pool-90-thread-2" [_thread_in_native, id=89423, stack(0x000000030beee000,0x000000030bfee000)]
  0x00007f80bc6b3000 JavaThread "pool-90-thread-1" [_thread_in_native, id=129043, stack(0x000000030bdeb000,0x000000030beeb000)]
  0x00007f80bc6a9800 JavaThread "iceberg-hive-lock-heartbeat-0" daemon [_thread_blocked, id=78031, stack(0x000000030b1c7000,0x000000030b2c7000)]
  0x00007f805b158000 JavaThread "iceberg-hive-lock-heartbeat-0" daemon [_thread_blocked, id=74279, stack(0x000000030b0c4000,0x000000030b1c4000)]
  0x00007f80bdc4c000 JavaThread "iceberg-hive-lock-heartbeat-0" daemon [_thread_blocked, id=78907, stack(0x000000030afc1000,0x000000030b0c1000)]
  0x00007f80bc84c000 JavaThread "iceberg-hive-lock-heartbeat-0" daemon [_thread_blocked, id=66895, stack(0x000000030997f000,0x0000000309a7f000)]
  0x00007f80bb66c000 JavaThread "iceberg-hive-lock-heartbeat-0" daemon [_thread_blocked, id=84339, stack(0x000000030823a000,0x000000030833a000)]
  0x00007f80bd4a1800 JavaThread "iceberg-hive-lock-heartbeat-0" daemon [_thread_blocked, id=54895, stack(0x0000000308137000,0x0000000308237000)]
  0x00007f80be71c000 JavaThread "BoneCP-pool-watch-thread" daemon [_thread_blocked, id=53015, stack(0x0000000308034000,0x0000000308134000)]
  0x00007f80bb7f7000 JavaThread "BoneCP-keep-alive-scheduler" daemon [_thread_blocked, id=65031, stack(0x0000000307f31000,0x0000000308031000)]
  0x00007f80aa858000 JavaThread "com.google.common.base.internal.Finalizer" daemon [_thread_blocked, id=65555, stack(0x0000000307e2e000,0x0000000307f2e000)]
  0x00007f80abab7800 JavaThread "BoneCP-pool-watch-thread" daemon [_thread_blocked, id=66167, stack(0x0000000307d2b000,0x0000000307e2b000)]
  0x00007f80bde28000 JavaThread "BoneCP-keep-alive-scheduler" daemon [_thread_blocked, id=46463, stack(0x0000000307c28000,0x0000000307d28000)]
  0x00007f80bb708000 JavaThread "com.google.common.base.internal.Finalizer" daemon [_thread_blocked, id=53583, stack(0x0000000307a22000,0x0000000307b22000)]
  0x00007f805b612000 JavaThread "pool-35-thread-2" [_thread_in_native, id=47723, stack(0x0000000307b25000,0x0000000307c25000)]
  0x00007f80bc9f3800 JavaThread "pool-35-thread-1" [_thread_in_native, id=80059, stack(0x000000030aebe000,0x000000030afbe000)]
  0x00007f80ab9b0800 JavaThread "pool-9-thread-1" [_thread_in_native, id=85047, stack(0x000000030a29a000,0x000000030a39a000)]
  0x00007f80bd879000 JavaThread "BoneCP-pool-watch-thread" daemon [_thread_blocked, id=36867, stack(0x000000030781c000,0x000000030791c000)]
  0x00007f80bc2c5000 JavaThread "BoneCP-keep-alive-scheduler" daemon [_thread_blocked, id=39967, stack(0x0000000307719000,0x0000000307819000)]
  0x00007f80bc2c4000 JavaThread "com.google.common.base.internal.Finalizer" daemon [_thread_blocked, id=41495, stack(0x0000000307616000,0x0000000307716000)]
  0x00007f80be088000 JavaThread "BoneCP-pool-watch-thread" daemon [_thread_blocked, id=38147, stack(0x0000000307513000,0x0000000307613000)]
  0x00007f80bc35c800 JavaThread "BoneCP-keep-alive-scheduler" daemon [_thread_blocked, id=38411, stack(0x0000000307410000,0x0000000307510000)]
  0x00007f80bc35b800 JavaThread "com.google.common.base.internal.Finalizer" daemon [_thread_blocked, id=35879, stack(0x000000030730d000,0x000000030740d000)]
  0x00007f805ad33800 JavaThread "derby.rawStoreDaemon" daemon [_thread_blocked, id=35387, stack(0x000000030720a000,0x000000030730a000)]
  0x00007f80be0a5800 JavaThread "Timer-0" daemon [_thread_blocked, id=39323, stack(0x0000000307107000,0x0000000307207000)]
  0x00007f80be50a800 JavaThread "iceberg-lock-manager-2" daemon [_thread_blocked, id=34339, stack(0x0000000307004000,0x0000000307104000)]
  0x00007f80be509800 JavaThread "iceberg-lock-manager-3" daemon [_thread_blocked, id=34563, stack(0x0000000306f01000,0x0000000307001000)]
  0x00007f80ab960000 JavaThread "iceberg-lock-manager-1" daemon [_thread_blocked, id=41767, stack(0x0000000306dfe000,0x0000000306efe000)]
  0x00007f805b126800 JavaThread "iceberg-lock-manager-0" daemon [_thread_blocked, id=33795, stack(0x0000000306cfb000,0x0000000306dfb000)]
  0x00007f80bc40f000 JavaThread "org.apache.hadoop.fs.FileSystem$Statistics$StatisticsDataReferenceCleaner" daemon [_thread_blocked, id=33079, stack(0x0000000306bcd000,0x0000000306ccd000)]
  0x00007f80bd4a0800 JavaThread "/127.0.0.1:59642 to /127.0.0.1:59640 workers Thread 3" [_thread_in_native, id=28163, stack(0x0000000306aca000,0x0000000306bca000)]
  0x00007f80bd4b6800 JavaThread "/127.0.0.1:59642 to /127.0.0.1:59640 workers Thread 2" [_thread_blocked, id=28975, stack(0x00000003069c7000,0x0000000306ac7000)]
  0x00007f80abbb7800 JavaThread "/127.0.0.1:59642 to /127.0.0.1:59640 workers" [_thread_blocked, id=24379, stack(0x00000003068c4000,0x00000003069c4000)]
  0x00007f80bd015000 JavaThread "Service Thread" daemon [_thread_blocked, id=30215, stack(0x00000003066be000,0x00000003067be000)]
  0x00007f80bc01f000 JavaThread "C1 CompilerThread3" daemon [_thread_blocked, id=30979, stack(0x00000003065bb000,0x00000003066bb000)]
  0x00007f80ab81c800 JavaThread "C2 CompilerThread2" daemon [_thread_blocked, id=23043, stack(0x00000003064b8000,0x00000003065b8000)]
  0x00007f80ab81b800 JavaThread "C2 CompilerThread1" daemon [_thread_blocked, id=22787, stack(0x00000003063b5000,0x00000003064b5000)]
  0x00007f80ba82e000 JavaThread "C2 CompilerThread0" daemon [_thread_blocked, id=22531, stack(0x00000003062b2000,0x00000003063b2000)]
  0x00007f80ab808800 JavaThread "Signal Dispatcher" daemon [_thread_blocked, id=32259, stack(0x00000003061af000,0x00000003062af000)]
  0x00007f80bc00f800 JavaThread "Finalizer" daemon [_thread_blocked, id=20771, stack(0x0000000305f9e000,0x000000030609e000)]
  0x00007f80aa850000 JavaThread "Reference Handler" daemon [_thread_blocked, id=17187, stack(0x0000000305e9b000,0x0000000305f9b000)]
=>0x00007f80bb00c800 JavaThread "Test worker" [_thread_in_native, id=8195, stack(0x000000030537a000,0x000000030547a000)]

Other Threads:
  0x00007f80aa84f000 VMThread [stack: 0x0000000305d98000,0x0000000305e98000] [id=16643]
  0x00007f80ab809000 WatcherThread [stack: 0x00000003067c1000,0x00000003068c1000] [id=23823]

VM state:not at safepoint (normal execution)

VM Mutex/Monitor currently owned by a thread: None

heap address: 0x0000000720000000, size: 2560 MB, Compressed Oops mode: Zero based, Oop shift amount: 3
Narrow klass base: 0x0000000000000000, Narrow klass shift: 3
Compressed class space size: 1073741824 Address: 0x00000007c0000000

Heap:
 PSYoungGen      total 582656K, used 285092K [0x000000078ab00000, 0x00000007c0000000, 0x00000007c0000000)
  eden space 291840K, 96% used [0x000000078ab00000,0x000000079bf2e740,0x000000079c800000)
  from space 290816K, 0% used [0x00000007ae400000,0x00000007ae63ac08,0x00000007c0000000)
  to   space 290816K, 0% used [0x000000079c800000,0x000000079c800000,0x00000007ae400000)
 ParOldGen       total 1614848K, used 1493457K [0x0000000720000000, 0x0000000782900000, 0x000000078ab00000)
  object space 1614848K, 92% used [0x0000000720000000,0x000000077b274470,0x0000000782900000)
 Metaspace       used 236739K, capacity 254086K, committed 254320K, reserved 1269760K
  class space    used 28627K, capacity 33002K, committed 33200K, reserved 1048576K

Card table byte_map: [0x0000000119f73000,0x000000011a474000] byte_map_base: 0x0000000116673000

Marking Bits: (ParMarkBitMap*) 0x0000000109e85f18
 Begin Bits: [0x000000011a474000, 0x000000011cc74000)
 End Bits:   [0x000000011cc74000, 0x000000011f474000)

Polling page: 0x0000000108d65000

CodeCache: size=245760Kb used=29642Kb max_used=113867Kb free=216117Kb
 bounds [0x000000010af73000, 0x0000000111f53000, 0x0000000119f73000]
 total_blobs=10066 nmethods=8925 adapters=1050
 compilation: enabled

Compilation events (10 events):
Event: 278.816 Thread 0x00007f80ab81c800 46972       4       sun.invoke.util.VerifyType::isNullConversion (157 bytes)
Event: 278.817 Thread 0x00007f80ab81b800 nmethod 46965 0x000000010c3e3fd0 code [0x000000010c3e4160, 0x000000010c3e4468]
Event: 278.817 Thread 0x00007f80ba82e000 nmethod 46971 0x0000000111ec2c10 code [0x0000000111ec2d60, 0x0000000111ec2dd8]
Event: 278.817 Thread 0x00007f80ab81b800 46973       4       java.lang.invoke.BoundMethodHandle::rebind (14 bytes)
Event: 278.817 Thread 0x00007f80ba82e000 46974       4       java.lang.invoke.BoundMethodHandle::tooComplex (27 bytes)
Event: 278.818 Thread 0x00007f80ba82e000 nmethod 46974 0x000000010c3e2710 code [0x000000010c3e2860, 0x000000010c3e2938]
Event: 278.818 Thread 0x00007f80ab81b800 nmethod 46973 0x000000010c3e3c10 code [0x000000010c3e3d60, 0x000000010c3e3e58]
Event: 278.818 Thread 0x00007f80ba82e000 46975       4       java.lang.invoke.LambdaForm::expressionCount (11 bytes)
Event: 278.818 Thread 0x00007f80ba82e000 nmethod 46975 0x0000000111ecacd0 code [0x0000000111ecae20, 0x0000000111ecae98]
Event: 278.819 Thread 0x00007f80ab81c800 nmethod 46972 0x000000010c3e5c10 code [0x000000010c3e5e00, 0x000000010c3e6240]

GC Heap History (10 events):
Event: 275.084 GC heap before
{Heap before GC invocations=206 (full 14):
 PSYoungGen      total 582656K, used 555973K [0x000000078ab00000, 0x00000007c0000000, 0x00000007c0000000)
  eden space 291840K, 100% used [0x000000078ab00000,0x000000079c800000,0x000000079c800000)
  from space 290816K, 90% used [0x000000079c800000,0x00000007ac9f1578,0x00000007ae400000)
  to   space 290816K, 0% used [0x00000007ae400000,0x00000007ae400000,0x00000007c0000000)
 ParOldGen       total 1614848K, used 1325971K [0x0000000720000000, 0x0000000782900000, 0x000000078ab00000)
  object space 1614848K, 82% used [0x0000000720000000,0x0000000770ee4d98,0x0000000782900000)
 Metaspace       used 236377K, capacity 253646K, committed 253936K, reserved 1269760K
  class space    used 28579K, capacity 32952K, committed 33072K, reserved 1048576K
Event: 275.125 GC heap after
Heap after GC invocations=206 (full 14):
 PSYoungGen      total 582656K, used 282312K [0x000000078ab00000, 0x00000007c0000000, 0x00000007c0000000)
  eden space 291840K, 0% used [0x000000078ab00000,0x000000078ab00000,0x000000079c800000)
  from space 290816K, 97% used [0x00000007ae400000,0x00000007bf7b2318,0x00000007c0000000)
  to   space 290816K, 0% used [0x000000079c800000,0x000000079c800000,0x00000007ae400000)
 ParOldGen       total 1614848K, used 1326059K [0x0000000720000000, 0x0000000782900000, 0x000000078ab00000)
  object space 1614848K, 82% used [0x0000000720000000,0x0000000770efad98,0x0000000782900000)
 Metaspace       used 236377K, capacity 253646K, committed 253936K, reserved 1269760K
  class space    used 28579K, capacity 32952K, committed 33072K, reserved 1048576K
}
Event: 275.253 GC heap before
{Heap before GC invocations=207 (full 14):
 PSYoungGen      total 582656K, used 574152K [0x000000078ab00000, 0x00000007c0000000, 0x00000007c0000000)
  eden space 291840K, 100% used [0x000000078ab00000,0x000000079c800000,0x000000079c800000)
  from space 290816K, 97% used [0x00000007ae400000,0x00000007bf7b2318,0x00000007c0000000)
  to   space 290816K, 0% used [0x000000079c800000,0x000000079c800000,0x00000007ae400000)
 ParOldGen       total 1614848K, used 1326059K [0x0000000720000000, 0x0000000782900000, 0x000000078ab00000)
  object space 1614848K, 82% used [0x0000000720000000,0x0000000770efad98,0x0000000782900000)
 Metaspace       used 236377K, capacity 253646K, committed 253936K, reserved 1269760K
  class space    used 28579K, capacity 32952K, committed 33072K, reserved 1048576K
Event: 275.385 GC heap after
Heap after GC invocations=207 (full 14):
 PSYoungGen      total 582656K, used 160430K [0x000000078ab00000, 0x00000007c0000000, 0x00000007c0000000)
  eden space 291840K, 0% used [0x000000078ab00000,0x000000078ab00000,0x000000079c800000)
  from space 290816K, 55% used [0x000000079c800000,0x00000007a64ab880,0x00000007ae400000)
  to   space 290816K, 0% used [0x00000007ae400000,0x00000007ae400000,0x00000007c0000000)
 ParOldGen       total 1614848K, used 1432691K [0x0000000720000000, 0x0000000782900000, 0x000000078ab00000)
  object space 1614848K, 88% used [0x0000000720000000,0x000000077771cdb8,0x0000000782900000)
 Metaspace       used 236377K, capacity 253646K, committed 253936K, reserved 1269760K
  class space    used 28579K, capacity 32952K, committed 33072K, reserved 1048576K
}
Event: 275.813 GC heap before
{Heap before GC invocations=208 (full 14):
 PSYoungGen      total 582656K, used 452270K [0x000000078ab00000, 0x00000007c0000000, 0x00000007c0000000)
  eden space 291840K, 100% used [0x000000078ab00000,0x000000079c800000,0x000000079c800000)
  from space 290816K, 55% used [0x000000079c800000,0x00000007a64ab880,0x00000007ae400000)
  to   space 290816K, 0% used [0x00000007ae400000,0x00000007ae400000,0x00000007c0000000)
 ParOldGen       total 1614848K, used 1432691K [0x0000000720000000, 0x0000000782900000, 0x000000078ab00000)
  object space 1614848K, 88% used [0x0000000720000000,0x000000077771cdb8,0x0000000782900000)
 Metaspace       used 236388K, capacity 253710K, committed 253936K, reserved 1269760K
  class space    used 28579K, capacity 32952K, committed 33072K, reserved 1048576K
Event: 275.884 GC heap after
Heap after GC invocations=208 (full 14):
 PSYoungGen      total 582656K, used 115330K [0x000000078ab00000, 0x00000007c0000000, 0x00000007c0000000)
  eden space 291840K, 0% used [0x000000078ab00000,0x000000078ab00000,0x000000079c800000)
  from space 290816K, 39% used [0x00000007ae400000,0x00000007b54a0b48,0x00000007c0000000)
  to   space 290816K, 0% used [0x000000079c800000,0x000000079c800000,0x00000007ae400000)
 ParOldGen       total 1614848K, used 1493401K [0x0000000720000000, 0x0000000782900000, 0x000000078ab00000)
  object space 1614848K, 92% used [0x0000000720000000,0x000000077b266470,0x0000000782900000)
 Metaspace       used 236388K, capacity 253710K, committed 253936K, reserved 1269760K
  class space    used 28579K, capacity 32952K, committed 33072K, reserved 1048576K
}
Event: 276.492 GC heap before
{Heap before GC invocations=209 (full 14):
 PSYoungGen      total 582656K, used 406965K [0x000000078ab00000, 0x00000007c0000000, 0x00000007c0000000)
  eden space 291840K, 99% used [0x000000078ab00000,0x000000079c7ccb58,0x000000079c800000)
  from space 290816K, 39% used [0x00000007ae400000,0x00000007b54a0b48,0x00000007c0000000)
  to   space 290816K, 0% used [0x000000079c800000,0x000000079c800000,0x00000007ae400000)
 ParOldGen       total 1614848K, used 1493401K [0x0000000720000000, 0x0000000782900000, 0x000000078ab00000)
  object space 1614848K, 92% used [0x0000000720000000,0x000000077b266470,0x0000000782900000)
 Metaspace       used 236426K, capacity 253716K, committed 253936K, reserved 1269760K
  class space    used 28581K, capacity 32953K, committed 33072K, reserved 1048576K
Event: 276.501 GC heap after
Heap after GC invocations=209 (full 14):
 PSYoungGen      total 582656K, used 7339K [0x000000078ab00000, 0x00000007c0000000, 0x00000007c0000000)
  eden space 291840K, 0% used [0x000000078ab00000,0x000000078ab00000,0x000000079c800000)
  from space 290816K, 2% used [0x000000079c800000,0x000000079cf2adf8,0x00000007ae400000)
  to   space 290816K, 0% used [0x00000007ae400000,0x00000007ae400000,0x00000007c0000000)
 ParOldGen       total 1614848K, used 1493417K [0x0000000720000000, 0x0000000782900000, 0x000000078ab00000)
  object space 1614848K, 92% used [0x0000000720000000,0x000000077b26a470,0x0000000782900000)
 Metaspace       used 236426K, capacity 253716K, committed 253936K, reserved 1269760K
  class space    used 28581K, capacity 32953K, committed 33072K, reserved 1048576K
}
Event: 276.898 GC heap before
{Heap before GC invocations=210 (full 14):
 PSYoungGen      total 582656K, used 299179K [0x000000078ab00000, 0x00000007c0000000, 0x00000007c0000000)
  eden space 291840K, 100% used [0x000000078ab00000,0x000000079c800000,0x000000079c800000)
  from space 290816K, 2% used [0x000000079c800000,0x000000079cf2adf8,0x00000007ae400000)
  to   space 290816K, 0% used [0x00000007ae400000,0x00000007ae400000,0x00000007c0000000)
 ParOldGen       total 1614848K, used 1493417K [0x0000000720000000, 0x0000000782900000, 0x000000078ab00000)
  object space 1614848K, 92% used [0x0000000720000000,0x000000077b26a470,0x0000000782900000)
 Metaspace       used 236449K, capacity 253788K, committed 253936K, reserved 1269760K
  class space    used 28581K, capacity 32953K, committed 33072K, reserved 1048576K
Event: 276.904 GC heap after
Heap after GC invocations=210 (full 14):
 PSYoungGen      total 582656K, used 2283K [0x000000078ab00000, 0x00000007c0000000, 0x00000007c0000000)
  eden space 291840K, 0% used [0x000000078ab00000,0x000000078ab00000,0x000000079c800000)
  from space 290816K, 0% used [0x00000007ae400000,0x00000007ae63ac08,0x00000007c0000000)
  to   space 290816K, 0% used [0x000000079c800000,0x000000079c800000,0x00000007ae400000)
 ParOldGen       total 1614848K, used 1493457K [0x0000000720000000, 0x0000000782900000, 0x000000078ab00000)
  object space 1614848K, 92% used [0x0000000720000000,0x000000077b274470,0x0000000782900000)
 Metaspace       used 236449K, capacity 253788K, committed 253936K, reserved 1269760K
  class space    used 28581K, capacity 32953K, committed 33072K, reserved 1048576K
}

Deoptimization events (10 events):
Event: 277.125 Thread 0x00007f80bb00c800 Uncommon trap: reason=class_check action=maybe_recompile pc=0x0000000111dc1bc0 method=org.apache.iceberg.spark.data.RandomData$RandomDataGenerator.primitive(Lorg/apache/iceberg/types/Type$PrimitiveType;)Ljava/lang/Object; @ 6
Event: 277.130 Thread 0x00007f80bb00c800 Uncommon trap: reason=unstable_if action=reinterpret pc=0x000000010b2ec078 method=org.apache.parquet.schema.PrimitiveComparator$9.compare(ILjava/nio/ByteBuffer;ILjava/nio/ByteBuffer;I)I @ 6
Event: 277.131 Thread 0x00007f80bb00c800 Uncommon trap: reason=unstable_if action=reinterpret pc=0x000000010bc4be4c method=org.apache.parquet.schema.PrimitiveComparator$9.compare(ILjava/nio/ByteBuffer;ILjava/nio/ByteBuffer;I)I @ 6
Event: 277.647 Thread 0x00007f80bb00c800 Uncommon trap: reason=unstable_if action=reinterpret pc=0x000000011123b630 method=java.util.regex.Pattern$CharProperty.match(Ljava/util/regex/Matcher;ILjava/lang/CharSequence;)Z @ 40
Event: 277.651 Thread 0x00007f80bb00c800 Uncommon trap: reason=unstable_if action=reinterpret pc=0x000000011164b404 method=java.nio.Buffer.limit(I)Ljava/nio/Buffer; @ 30
Event: 277.713 Thread 0x00007f80bb00c800 Uncommon trap: reason=class_check action=maybe_recompile pc=0x000000010fb5cff8 method=sun.nio.ch.IOUtil.writeFromNativeBuffer(Ljava/io/FileDescriptor;Ljava/nio/ByteBuffer;JLsun/nio/ch/NativeDispatcher;)I @ 114
Event: 277.714 Thread 0x00007f80bb00c800 Uncommon trap: reason=class_check action=maybe_recompile pc=0x000000010fb5cff8 method=sun.nio.ch.IOUtil.writeFromNativeBuffer(Ljava/io/FileDescriptor;Ljava/nio/ByteBuffer;JLsun/nio/ch/NativeDispatcher;)I @ 114
Event: 277.715 Thread 0x00007f80bb00c800 Uncommon trap: reason=class_check action=maybe_recompile pc=0x000000010fb5cff8 method=sun.nio.ch.IOUtil.writeFromNativeBuffer(Ljava/io/FileDescriptor;Ljava/nio/ByteBuffer;JLsun/nio/ch/NativeDispatcher;)I @ 114
Event: 277.715 Thread 0x00007f80bb00c800 Uncommon trap: reason=class_check action=maybe_recompile pc=0x000000010fb5cff8 method=sun.nio.ch.IOUtil.writeFromNativeBuffer(Ljava/io/FileDescriptor;Ljava/nio/ByteBuffer;JLsun/nio/ch/NativeDispatcher;)I @ 114
Event: 277.736 Thread 0x00007f80bb00c800 Uncommon trap: reason=class_check action=maybe_recompile pc=0x000000010c3e7b54 method=sun.nio.ch.IOUtil.writeFromNativeBuffer(Ljava/io/FileDescriptor;Ljava/nio/ByteBuffer;JLsun/nio/ch/NativeDispatcher;)I @ 114

Classes redefined (2 events):
Event: 252.822 Thread 0x00007f80aa84f000 redefined class name=java.lang.Object, count=1
Event: 252.844 Thread 0x00007f80aa84f000 redefined class name=org.apache.iceberg.data.DeleteFilter, count=2

Internal exceptions (10 events):
Event: 255.507 Thread 0x00007f80bb00c800 Exception <a 'java/lang/reflect/InvocationTargetException'> (0x00000007a12aadf8) thrown at [/Users/admin/applejdk-builder/installers/macOS/tar/.out/buildRoot/hotspot/src/share/vm/runtime/reflection.cpp, line 1092]
Event: 255.959 Thread 0x00007f80bb00c800 Exception <a 'java/lang/NoSuchMethodError': java.nio.ByteBuffer.position(I)Ljava/nio/ByteBuffer;> (0x00000007a5e14820) thrown at [/Users/admin/applejdk-builder/installers/macOS/tar/.out/buildRoot/hotspot/src/share/vm/interpreter/linkResolver.cpp, line 620
Event: 255.959 Thread 0x00007f80bb00c800 Exception <a 'java/lang/reflect/InvocationTargetException'> (0x00000007a5e17eb8) thrown at [/Users/admin/applejdk-builder/installers/macOS/tar/.out/buildRoot/hotspot/src/share/vm/runtime/reflection.cpp, line 1092]
Event: 256.738 Thread 0x00007f80bb00c800 Exception <a 'java/lang/NoSuchMethodError': java.lang.Object.lambda$static$0()V> (0x000000078c7bdc98) thrown at [/Users/admin/applejdk-builder/installers/macOS/tar/.out/buildRoot/hotspot/src/share/vm/interpreter/linkResolver.cpp, line 620]
Event: 256.947 Thread 0x00007f80bb00c800 Exception <a 'java/lang/IncompatibleClassChangeError': Found class java.lang.Object, but interface was expected> (0x000000078e677820) thrown at [/Users/admin/applejdk-builder/installers/macOS/tar/.out/buildRoot/hotspot/src/share/vm/interpreter/linkResolve
Event: 257.510 Thread 0x00007f80bb00c800 Exception <a 'java/lang/reflect/InvocationTargetException'> (0x000000078faccec8) thrown at [/Users/admin/applejdk-builder/installers/macOS/tar/.out/buildRoot/hotspot/src/share/vm/runtime/reflection.cpp, line 1092]
Event: 257.985 Thread 0x00007f80bb00c800 Implicit null exception at 0x0000000111edbc8b to 0x0000000111edeea1
Event: 259.203 Thread 0x00007f80bb00c800 Implicit null exception at 0x0000000111f45f98 to 0x0000000111f46121
Event: 261.318 Thread 0x00007f80bb00c800 Exception <a 'java/lang/reflect/InvocationTargetException'> (0x0000000799964250) thrown at [/Users/admin/applejdk-builder/installers/macOS/tar/.out/buildRoot/hotspot/src/share/vm/runtime/reflection.cpp, line 1092]
Event: 277.648 Thread 0x00007f80bb00c800 Exception <a 'sun/nio/fs/UnixException'> (0x000000079bac7388) thrown at [/Users/admin/applejdk-builder/installers/macOS/tar/.out/buildRoot/hotspot/src/share/vm/prims/jni.cpp, line 711]

Events (10 events):
Event: 278.808 loading class com/apple/boson/Utils
Event: 278.808 loading class com/apple/boson/Utils done
Event: 278.808 loading class com/apple/boson/Utils$
Event: 278.808 loading class com/apple/boson/Utils$ done
Event: 278.816 loading class scala/Function1
Event: 278.816 loading class scala/Function1 done
Event: 278.824 loading class scala/Function1
Event: 278.824 loading class scala/Function1 done
Event: 278.826 loading class scala/Function1
Event: 278.826 loading class scala/Function1 done


Dynamic libraries:
0x00007ff825538000 	/System/Library/Frameworks/Cocoa.framework/Versions/A/Cocoa
0x00007ff81002f000 	/System/Library/Frameworks/AppKit.framework/Versions/C/AppKit
0x00007ff812cea000 	/System/Library/Frameworks/CoreData.framework/Versions/A/CoreData
0x00007ff80dd1a000 	/System/Library/Frameworks/Foundation.framework/Versions/C/Foundation
0x00007ff8190aa000 	/usr/lib/libSystem.B.dylib
0x00007ff811038000 	/System/Library/PrivateFrameworks/UIFoundation.framework/Versions/A/UIFoundation
0x00007ffb0db97000 	/System/Library/PrivateFrameworks/CollectionViewCore.framework/Versions/A/CollectionViewCore
0x00007ff81f4f6000 	/System/Library/PrivateFrameworks/RemoteViewServices.framework/Versions/A/RemoteViewServices
0x00007ff817151000 	/System/Library/PrivateFrameworks/XCTTargetBootstrap.framework/Versions/A/XCTTargetBootstrap
0x00007ff81afd9000 	/System/Library/PrivateFrameworks/InternationalSupport.framework/Versions/A/InternationalSupport
0x00007ff81b062000 	/System/Library/PrivateFrameworks/UserActivity.framework/Versions/A/UserActivity
0x00007ffb23e69000 	/System/Library/PrivateFrameworks/WindowManagement.framework/Versions/A/WindowManagement
0x00007ff80da04000 	/System/Library/Frameworks/SystemConfiguration.framework/Versions/A/SystemConfiguration
0x00007ff81a3d6000 	/usr/lib/libspindump.dylib
0x00007ff811206000 	/System/Library/Frameworks/UniformTypeIdentifiers.framework/Versions/A/UniformTypeIdentifiers
0x00007ff815631000 	/usr/lib/libapp_launch_measurement.dylib
0x00007ff8142a5000 	/System/Library/PrivateFrameworks/CoreAnalytics.framework/Versions/A/CoreAnalytics
0x00007ff815634000 	/System/Library/PrivateFrameworks/CoreAutoLayout.framework/Versions/A/CoreAutoLayout
0x00007ff8169c5000 	/System/Library/Frameworks/Metal.framework/Versions/A/Metal
0x00007ff817914000 	/usr/lib/liblangid.dylib
0x00007ff817156000 	/System/Library/PrivateFrameworks/CoreSVG.framework/Versions/A/CoreSVG
0x00007ff811b40000 	/System/Library/PrivateFrameworks/SkyLight.framework/Versions/A/SkyLight
0x00007ff811f2a000 	/System/Library/Frameworks/CoreGraphics.framework/Versions/A/CoreGraphics
0x00007ff81fbc8000 	/System/Library/Frameworks/Accelerate.framework/Versions/A/Accelerate
0x00007ff819e4b000 	/System/Library/PrivateFrameworks/IconServices.framework/Versions/A/IconServices
0x00007ff8169a8000 	/System/Library/Frameworks/IOSurface.framework/Versions/A/IOSurface
0x00007ff8142cf000 	/usr/lib/libDiagnosticMessagesClient.dylib
0x00007ff818fc0000 	/usr/lib/libz.1.dylib
0x00007ff82314a000 	/System/Library/Frameworks/ApplicationServices.framework/Versions/A/ApplicationServices
0x00007ff81713d000 	/System/Library/PrivateFrameworks/DFRFoundation.framework/Versions/A/DFRFoundation
0x00007ff80f8f7000 	/usr/lib/libicucore.A.dylib
0x00007ff81be7c000 	/System/Library/Frameworks/AudioToolbox.framework/Versions/A/AudioToolbox
0x00007ff81afe4000 	/System/Library/PrivateFrameworks/DataDetectorsCore.framework/Versions/A/DataDetectorsCore
0x00007ff9147cf000 	/System/Library/PrivateFrameworks/TextInput.framework/Versions/A/TextInput
0x00007ff811ab5000 	/usr/lib/libMobileGestalt.dylib
0x00007ff816e45000 	/System/Library/Frameworks/Carbon.framework/Versions/A/Frameworks/HIToolbox.framework/Versions/A/HIToolbox
0x00007ff814fd2000 	/System/Library/Frameworks/QuartzCore.framework/Versions/A/QuartzCore
0x00007ff80f575000 	/System/Library/Frameworks/Security.framework/Versions/A/Security
0x00007ff81f52e000 	/System/Library/Frameworks/Carbon.framework/Versions/A/Frameworks/SpeechRecognition.framework/Versions/A/SpeechRecognition
0x00007ff815371000 	/System/Library/PrivateFrameworks/CoreUI.framework/Versions/A/CoreUI
0x00007ff80ee56000 	/System/Library/Frameworks/CoreAudio.framework/Versions/A/CoreAudio
0x00007ff8143a9000 	/System/Library/Frameworks/DiskArbitration.framework/Versions/A/DiskArbitration
0x00007ff81a7f4000 	/System/Library/PrivateFrameworks/MultitouchSupport.framework/Versions/A/MultitouchSupport
0x00007ff811ab4000 	/usr/lib/libenergytrace.dylib
0x00007ff80ff11000 	/System/Library/Frameworks/IOKit.framework/Versions/A/IOKit
0x00007ff81f927000 	/System/Library/Frameworks/CoreServices.framework/Versions/A/CoreServices
0x00007ff8155c9000 	/System/Library/PrivateFrameworks/PerformanceAnalysis.framework/Versions/A/PerformanceAnalysis
0x00007ffa230c5000 	/System/Library/Frameworks/OpenGL.framework/Versions/A/OpenGL
0x00007ff81567c000 	/usr/lib/libxml2.2.dylib
0x00007ff818520000 	/System/Library/PrivateFrameworks/MobileKeyBag.framework/Versions/A/MobileKeyBag
0x00007ff80cb94000 	/usr/lib/libobjc.A.dylib
0x00007ff80ce5a000 	/usr/lib/libc++.1.dylib
0x00007ff81274c000 	/System/Library/Frameworks/ColorSync.framework/Versions/A/ColorSync
0x00007ff80cf65000 	/System/Library/Frameworks/CoreFoundation.framework/Versions/A/CoreFoundation
0x00007ff8174f1000 	/System/Library/Frameworks/CoreImage.framework/Versions/A/CoreImage
0x00007ff80ec67000 	/System/Library/Frameworks/CoreText.framework/Versions/A/CoreText
0x00007ff81718e000 	/System/Library/Frameworks/ImageIO.framework/Versions/A/ImageIO
0x00007ff8190b0000 	/System/Library/PrivateFrameworks/SoftLinking.framework/Versions/A/SoftLinking
0x00007ff819330000 	/usr/lib/libcompression.dylib
0x00007ff81af0b000 	/System/Library/PrivateFrameworks/TextureIO.framework/Versions/A/TextureIO
0x00007ff819a7b000 	/usr/lib/libate.dylib
0x00007ff8190a5000 	/usr/lib/system/libcache.dylib
0x00007ff819060000 	/usr/lib/system/libcommonCrypto.dylib
0x00007ff819089000 	/usr/lib/system/libcompiler_rt.dylib
0x00007ff81907f000 	/usr/lib/system/libcopyfile.dylib
0x00007ff80ccc3000 	/usr/lib/system/libcorecrypto.dylib
0x00007ff80cd87000 	/usr/lib/system/libdispatch.dylib
0x00007ff80cf0f000 	/usr/lib/system/libdyld.dylib
0x00007ff81909b000 	/usr/lib/system/libkeymgr.dylib
0x00007ff81903f000 	/usr/lib/system/libmacho.dylib
0x00007ff81860d000 	/usr/lib/system/libquarantine.dylib
0x00007ff819099000 	/usr/lib/system/libremovefile.dylib
0x00007ff811b0e000 	/usr/lib/system/libsystem_asl.dylib
0x00007ff80cc65000 	/usr/lib/system/libsystem_blocks.dylib
0x00007ff80cdd1000 	/usr/lib/system/libsystem_c.dylib
0x00007ff819091000 	/usr/lib/system/libsystem_collections.dylib
0x00007ff817905000 	/usr/lib/system/libsystem_configuration.dylib
0x00007ff816979000 	/usr/lib/system/libsystem_containermanager.dylib
0x00007ff818cf8000 	/usr/lib/system/libsystem_coreservices.dylib
0x00007ff80fb8b000 	/usr/lib/system/libsystem_darwin.dylib
0x00007ff81909c000 	/usr/lib/system/libsystem_dnssd.dylib
0x00007ff80cdce000 	/usr/lib/system/libsystem_featureflags.dylib
0x00007ff80cf3a000 	/usr/lib/system/libsystem_info.dylib
0x00007ff818fd3000 	/usr/lib/system/libsystem_m.dylib
0x00007ff80cd5a000 	/usr/lib/system/libsystem_malloc.dylib
0x00007ff811a9d000 	/usr/lib/system/libsystem_networkextension.dylib
0x00007ff80ffd0000 	/usr/lib/system/libsystem_notify.dylib
0x00007ff817909000 	/usr/lib/system/libsystem_sandbox.dylib
0x00007ff819096000 	/usr/lib/system/libsystem_secinit.dylib
0x00007ff80cec9000 	/usr/lib/system/libsystem_kernel.dylib
0x00007ff80cf30000 	/usr/lib/system/libsystem_platform.dylib
0x00007ff80cf03000 	/usr/lib/system/libsystem_pthread.dylib
0x00007ff81355e000 	/usr/lib/system/libsystem_symptoms.dylib
0x00007ff80cca9000 	/usr/lib/system/libsystem_trace.dylib
0x00007ff81906c000 	/usr/lib/system/libunwind.dylib
0x00007ff80cc69000 	/usr/lib/system/libxpc.dylib
0x00007ff80ceb3000 	/usr/lib/libc++abi.dylib
0x00007ff819077000 	/usr/lib/liboah.dylib
0x00007ff81980b000 	/usr/lib/liblzma.5.dylib
0x00007ff8190ac000 	/usr/lib/libfakelink.dylib
0x00007ff8116f7000 	/System/Library/Frameworks/CFNetwork.framework/Versions/A/CFNetwork
0x00007ff8191e9000 	/usr/lib/libarchive.2.dylib
0x00007ff81d7cf000 	/System/Library/Frameworks/Combine.framework/Versions/A/Combine
0x00007ff81b8f4000 	/usr/lib/swift/libswiftCore.dylib
0x00007ff911814000 	/usr/lib/swift/libswiftCoreFoundation.dylib
0x00007ff90f7cd000 	/usr/lib/swift/libswiftDarwin.dylib
0x00007ff821149000 	/usr/lib/swift/libswiftDispatch.dylib
0x00007ff911830000 	/usr/lib/swift/libswiftIOKit.dylib
0x00007ff823583000 	/usr/lib/swift/libswiftObjectiveC.dylib
0x00007ff911825000 	/usr/lib/swift/libswiftXPC.dylib
0x00007ffb2a743000 	/usr/lib/swift/libswift_Concurrency.dylib
0x00007ffb2a882000 	/usr/lib/swift/libswift_StringProcessing.dylib
0x00007ff823587000 	/usr/lib/swift/libswiftos.dylib
0x00007ff80fe92000 	/System/Library/PrivateFrameworks/CoreServicesInternal.framework/Versions/A/CoreServicesInternal
0x00007ff818634000 	/usr/lib/libbsm.0.dylib
0x00007ff819044000 	/usr/lib/system/libkxld.dylib
0x00007ff8155fd000 	/System/Library/Frameworks/CoreServices.framework/Versions/A/Frameworks/FSEvents.framework/Versions/A/FSEvents
0x00007ff80fb96000 	/System/Library/Frameworks/CoreServices.framework/Versions/A/Frameworks/CarbonCore.framework/Versions/A/CarbonCore
0x00007ff814312000 	/System/Library/Frameworks/CoreServices.framework/Versions/A/Frameworks/Metadata.framework/Versions/A/Metadata
0x00007ff818cfe000 	/System/Library/Frameworks/CoreServices.framework/Versions/A/Frameworks/OSServices.framework/Versions/A/OSServices
0x00007ff819271000 	/System/Library/Frameworks/CoreServices.framework/Versions/A/Frameworks/SearchKit.framework/Versions/A/SearchKit
0x00007ff8134e5000 	/System/Library/Frameworks/CoreServices.framework/Versions/A/Frameworks/AE.framework/Versions/A/AE
0x00007ff80d3fd000 	/System/Library/Frameworks/CoreServices.framework/Versions/A/Frameworks/LaunchServices.framework/Versions/A/LaunchServices
0x00007ff8197bc000 	/System/Library/Frameworks/CoreServices.framework/Versions/A/Frameworks/DictionaryServices.framework/Versions/A/DictionaryServices
0x00007ff81560a000 	/System/Library/Frameworks/CoreServices.framework/Versions/A/Frameworks/SharedFileList.framework/Versions/A/SharedFileList
0x00007ff8192fd000 	/usr/lib/libapple_nghttp2.dylib
0x00007ff8116f3000 	/usr/lib/libnetwork.dylib
0x00007ff813163000 	/usr/lib/libsqlite3.dylib
0x00007ff813566000 	/System/Library/Frameworks/Network.framework/Versions/A/Network
0x00007ffb2972d000 	/usr/lib/libCoreEntitlements.dylib
0x00007ffb17068000 	/System/Library/PrivateFrameworks/MessageSecurity.framework/Versions/A/MessageSecurity
0x00007ff81314a000 	/System/Library/PrivateFrameworks/ProtocolBuffer.framework/Versions/A/ProtocolBuffer
0x00007ff818cd7000 	/System/Library/PrivateFrameworks/AppleFSCompression.framework/Versions/A/AppleFSCompression
0x00007ff81861c000 	/usr/lib/libcoretls.dylib
0x00007ff819825000 	/usr/lib/libcoretls_cfhelpers.dylib
0x00007ff81932a000 	/usr/lib/libpam.2.dylib
0x00007ff819893000 	/usr/lib/libxar.1.dylib
0x00007ff819e27000 	/usr/lib/libheimdal-asn1.dylib
0x00007ff8190b1000 	/usr/lib/libpcap.A.dylib
0x00007ff813555000 	/usr/lib/libdns_services.dylib
0x00007ff817910000 	/System/Library/PrivateFrameworks/AppleSystemInfo.framework/Versions/A/AppleSystemInfo
0x00007ff818329000 	/System/Library/PrivateFrameworks/IOMobileFramebuffer.framework/Versions/A/IOMobileFramebuffer
0x00007ff818ce8000 	/usr/lib/libbz2.1.0.dylib
0x00007ff818610000 	/usr/lib/libCheckFix.dylib
0x00007ff811b25000 	/System/Library/PrivateFrameworks/TCC.framework/Versions/A/TCC
0x00007ff817916000 	/System/Library/PrivateFrameworks/CoreNLP.framework/Versions/A/CoreNLP
0x00007ff8142d1000 	/System/Library/PrivateFrameworks/MetadataUtilities.framework/Versions/A/MetadataUtilities
0x00007ff818644000 	/usr/lib/libmecab.dylib
0x00007ff80da83000 	/usr/lib/libCRFSuite.dylib
0x00007ff81869e000 	/usr/lib/libgermantok.dylib
0x00007ff8192d8000 	/usr/lib/libThaiTokenizer.dylib
0x00007ff8143b1000 	/System/Library/Frameworks/Accelerate.framework/Versions/A/Frameworks/vImage.framework/Versions/A/vImage
0x00007ff81f8fa000 	/System/Library/Frameworks/Accelerate.framework/Versions/A/Frameworks/vecLib.framework/Versions/A/vecLib
0x00007ff8198d5000 	/System/Library/Frameworks/Accelerate.framework/Versions/A/Frameworks/vecLib.framework/Versions/A/libvMisc.dylib
0x00007ff818124000 	/System/Library/Frameworks/Accelerate.framework/Versions/A/Frameworks/vecLib.framework/Versions/A/libvDSP.dylib
0x00007ff80d7b9000 	/System/Library/Frameworks/Accelerate.framework/Versions/A/Frameworks/vecLib.framework/Versions/A/libBLAS.dylib
0x00007ff81940f000 	/System/Library/Frameworks/Accelerate.framework/Versions/A/Frameworks/vecLib.framework/Versions/A/libLAPACK.dylib
0x00007ff8186a1000 	/System/Library/Frameworks/Accelerate.framework/Versions/A/Frameworks/vecLib.framework/Versions/A/libLinearAlgebra.dylib
0x00007ff819315000 	/System/Library/Frameworks/Accelerate.framework/Versions/A/Frameworks/vecLib.framework/Versions/A/libSparseBLAS.dylib
0x00007ff819409000 	/System/Library/Frameworks/Accelerate.framework/Versions/A/Frameworks/vecLib.framework/Versions/A/libQuadrature.dylib
0x00007ff817a02000 	/System/Library/Frameworks/Accelerate.framework/Versions/A/Frameworks/vecLib.framework/Versions/A/libBNNS.dylib
0x00007ff80d98d000 	/System/Library/Frameworks/Accelerate.framework/Versions/A/Frameworks/vecLib.framework/Versions/A/libSparse.dylib
0x00007ffb16367000 	/System/Library/PrivateFrameworks/MIL.framework/Versions/A/MIL
0x00007ff8190e6000 	/usr/lib/libiconv.2.dylib
0x00007ff81903e000 	/usr/lib/libcharset.1.dylib
0x00007ff8155e1000 	/System/Library/Frameworks/OpenDirectory.framework/Versions/A/Frameworks/CFOpenDirectory.framework/Versions/A/CFOpenDirectory
0x00007ff8155d5000 	/System/Library/Frameworks/OpenDirectory.framework/Versions/A/OpenDirectory
0x00007ff819827000 	/System/Library/PrivateFrameworks/APFS.framework/Versions/A/APFS
0x00007ff818553000 	/System/Library/Frameworks/SecurityFoundation.framework/Versions/A/SecurityFoundation
0x00007ff8198a1000 	/usr/lib/libutil.dylib
0x00007ffb154f8000 	/System/Library/PrivateFrameworks/InstalledContentLibrary.framework/Versions/A/InstalledContentLibrary
0x00007ff80fed5000 	/System/Library/PrivateFrameworks/CoreServicesStore.framework/Versions/A/CoreServicesStore
0x00007ffa2c6cf000 	/System/Library/PrivateFrameworks/AppleMobileFileIntegrity.framework/Versions/A/AppleMobileFileIntegrity
0x00007ff9117f4000 	/usr/lib/libmis.dylib
0x00007ff91fe26000 	/System/Library/PrivateFrameworks/MobileSystemServices.framework/Versions/A/MobileSystemServices
0x00007ffa19fc0000 	/System/Library/PrivateFrameworks/ConfigProfileHelper.framework/Versions/A/ConfigProfileHelper
0x00007ff8192da000 	/System/Library/PrivateFrameworks/AppleSauce.framework/Versions/A/AppleSauce
0x00007ff80e72c000 	/System/Library/PrivateFrameworks/LanguageModeling.framework/Versions/A/LanguageModeling
0x00007ff8198a5000 	/usr/lib/libxslt.1.dylib
0x00007ff8191d8000 	/usr/lib/libcmph.dylib
0x00007ff818317000 	/System/Library/PrivateFrameworks/CoreEmoji.framework/Versions/A/CoreEmoji
0x00007ff8179fc000 	/System/Library/PrivateFrameworks/LinguisticData.framework/Versions/A/LinguisticData
0x00007ff80d943000 	/System/Library/PrivateFrameworks/Lexicon.framework/Versions/A/Lexicon
0x00007ff8185e1000 	/System/Library/PrivateFrameworks/BackgroundTaskManagement.framework/Versions/A/BackgroundTaskManagement
0x00007ffb29867000 	/usr/lib/libTLE.dylib
0x00007ffb2a7c7000 	/usr/lib/swift/libswift_RegexParser.dylib
0x00007ff81a6be000 	/System/Library/PrivateFrameworks/AppleJPEG.framework/Versions/A/AppleJPEG
0x00007ff819e0c000 	/usr/lib/libexpat.1.dylib
0x00007ff81ad68000 	/System/Library/Frameworks/ImageIO.framework/Versions/A/Resources/libPng.dylib
0x00007ff81ad95000 	/System/Library/Frameworks/ImageIO.framework/Versions/A/Resources/libTIFF.dylib
0x00007ff81ae85000 	/System/Library/Frameworks/ImageIO.framework/Versions/A/Resources/libGIF.dylib
0x00007ff81a709000 	/System/Library/Frameworks/ImageIO.framework/Versions/A/Resources/libJP2.dylib
0x00007ff81ae25000 	/System/Library/Frameworks/ImageIO.framework/Versions/A/Resources/libJPEG.dylib
0x00007ff81ae1c000 	/System/Library/Frameworks/ImageIO.framework/Versions/A/Resources/libRadiance.dylib
0x00007ff816cdb000 	/System/Library/PrivateFrameworks/FontServices.framework/libFontParser.dylib
0x00007ff81348a000 	/System/Library/PrivateFrameworks/RunningBoardServices.framework/Versions/A/RunningBoardServices
0x00007ff825b75000 	/System/Library/PrivateFrameworks/IOSurfaceAccelerator.framework/Versions/A/IOSurfaceAccelerator
0x00007ff81a7f0000 	/System/Library/PrivateFrameworks/WatchdogClient.framework/Versions/A/WatchdogClient
0x00007ff80e88e000 	/System/Library/Frameworks/CoreDisplay.framework/Versions/A/CoreDisplay
0x00007ff816bca000 	/System/Library/Frameworks/CoreMedia.framework/Versions/A/CoreMedia
0x00007ff8169bc000 	/System/Library/PrivateFrameworks/IOAccelerator.framework/Versions/A/IOAccelerator
0x00007ff81575b000 	/System/Library/Frameworks/CoreVideo.framework/Versions/A/CoreVideo
0x00007ff819328000 	/System/Library/Frameworks/MetalPerformanceShaders.framework/Versions/A/MetalPerformanceShaders
0x00007ff81a82d000 	/System/Library/Frameworks/VideoToolbox.framework/Versions/A/VideoToolbox
0x00007ff8133ce000 	/System/Library/PrivateFrameworks/BaseBoard.framework/Versions/A/BaseBoard
0x00007ff81ae15000 	/System/Library/PrivateFrameworks/GPUWrangler.framework/Versions/A/GPUWrangler
0x00007ff81adf9000 	/System/Library/PrivateFrameworks/IOPresentment.framework/Versions/A/IOPresentment
0x00007ff81ae1f000 	/System/Library/PrivateFrameworks/DSExternalDisplay.framework/Versions/A/DSExternalDisplay
0x00007ffb11b67000 	/System/Library/PrivateFrameworks/GPUCompiler.framework/Versions/31001/Libraries/libllvm-flatbuffers.dylib
0x00007ffa230b9000 	/System/Library/Frameworks/OpenGL.framework/Versions/A/Libraries/libCoreFSCache.dylib
0x00007ffb11b63000 	/System/Library/PrivateFrameworks/GPUCompiler.framework/Versions/31001/Libraries/libGPUCompilerUtils.dylib
0x00007ff81ae8b000 	/System/Library/PrivateFrameworks/CMCaptureCore.framework/Versions/A/CMCaptureCore
0x00007ffa26ba1000 	/System/Library/Frameworks/ExtensionFoundation.framework/Versions/A/ExtensionFoundation
0x00007ff8218c6000 	/System/Library/PrivateFrameworks/CoreTime.framework/Versions/A/CoreTime
0x00007ff81a3c0000 	/System/Library/PrivateFrameworks/AppServerSupport.framework/Versions/A/AppServerSupport
0x00007ff81c747000 	/System/Library/PrivateFrameworks/perfdata.framework/Versions/A/perfdata
0x00007ff80e9ba000 	/System/Library/PrivateFrameworks/AudioToolboxCore.framework/Versions/A/AudioToolboxCore
0x00007ff816ba4000 	/System/Library/PrivateFrameworks/caulk.framework/Versions/A/caulk
0x00007ff81c014000 	/usr/lib/libAudioStatistics.dylib
0x00007ff910c77000 	/System/Library/PrivateFrameworks/SystemPolicy.framework/Versions/A/SystemPolicy
0x00007ff81c2b2000 	/usr/lib/libSMC.dylib
0x00007ff8253dd000 	/System/Library/Frameworks/CoreMIDI.framework/Versions/A/CoreMIDI
0x00007ff81ad36000 	/usr/lib/libAudioToolboxUtility.dylib
0x00007ff82a910000 	/System/Library/PrivateFrameworks/OSAServicesClient.framework/Versions/A/OSAServicesClient
0x00007ff81c754000 	/usr/lib/libperfcheck.dylib
0x00007ff819cf0000 	/System/Library/PrivateFrameworks/PlugInKit.framework/Versions/A/PlugInKit
0x00007ff818546000 	/System/Library/PrivateFrameworks/AssertionServices.framework/Versions/A/AssertionServices
0x00007ffa23114000 	/System/Library/Frameworks/OpenGL.framework/Versions/A/Libraries/libGLU.dylib
0x00007ffa230d8000 	/System/Library/Frameworks/OpenGL.framework/Versions/A/Libraries/libGFXShared.dylib
0x00007ffa232e1000 	/System/Library/Frameworks/OpenGL.framework/Versions/A/Libraries/libGL.dylib
0x00007ffa230e1000 	/System/Library/Frameworks/OpenGL.framework/Versions/A/Libraries/libGLImage.dylib
0x00007ffa230d5000 	/System/Library/Frameworks/OpenGL.framework/Versions/A/Libraries/libCVMSPluginSupport.dylib
0x00007ffb29846000 	/usr/lib/libRosetta.dylib
0x00007ffa230c0000 	/System/Library/Frameworks/OpenGL.framework/Versions/A/Libraries/libCoreVMClient.dylib
0x00007ff817889000 	/System/Library/Frameworks/MetalPerformanceShaders.framework/Versions/A/Frameworks/MPSCore.framework/Versions/A/MPSCore
0x00007ff818c41000 	/System/Library/Frameworks/MetalPerformanceShaders.framework/Versions/A/Frameworks/MPSImage.framework/Versions/A/MPSImage
0x00007ff8186b7000 	/System/Library/Frameworks/MetalPerformanceShaders.framework/Versions/A/Frameworks/MPSNeuralNetwork.framework/Versions/A/MPSNeuralNetwork
0x00007ff818b2a000 	/System/Library/Frameworks/MetalPerformanceShaders.framework/Versions/A/Frameworks/MPSMatrix.framework/Versions/A/MPSMatrix
0x00007ff8188e5000 	/System/Library/Frameworks/MetalPerformanceShaders.framework/Versions/A/Frameworks/MPSRayIntersector.framework/Versions/A/MPSRayIntersector
0x00007ff818b65000 	/System/Library/Frameworks/MetalPerformanceShaders.framework/Versions/A/Frameworks/MPSNDArray.framework/Versions/A/MPSNDArray
0x00007ffa27f11000 	/System/Library/Frameworks/MetalPerformanceShaders.framework/Versions/A/Frameworks/MPSFunctions.framework/Versions/A/MPSFunctions
0x00007ff80d67a000 	/System/Library/PrivateFrameworks/MetalTools.framework/Versions/A/MetalTools
0x00007ff81790f000 	/System/Library/PrivateFrameworks/AggregateDictionary.framework/Versions/A/AggregateDictionary
0x00007ff819bab000 	/usr/lib/libIOReport.dylib
0x00007ffa23da8000 	/System/Library/Frameworks/OpenCL.framework/Versions/A/OpenCL
0x00007ff819f52000 	/System/Library/PrivateFrameworks/GraphVisualizer.framework/Versions/A/GraphVisualizer
0x00007ffb11a78000 	/System/Library/PrivateFrameworks/FontServices.framework/Versions/A/FontServices
0x00007ff81a37b000 	/System/Library/PrivateFrameworks/OTSVG.framework/Versions/A/OTSVG
0x00007ff815325000 	/System/Library/Frameworks/ApplicationServices.framework/Versions/A/Frameworks/ATS.framework/Versions/A/Resources/libFontRegistry.dylib
0x00007ff81a3ca000 	/System/Library/PrivateFrameworks/FontServices.framework/libhvf.dylib
0x00007ffb11a79000 	/System/Library/PrivateFrameworks/FontServices.framework/libXTFontStaticRegistryData.dylib
0x00007ffb22d12000 	/System/Library/PrivateFrameworks/VideoToolboxParavirtualizationSupport.framework/Versions/A/VideoToolboxParavirtualizationSupport
0x00007ff819dbc000 	/System/Library/PrivateFrameworks/AppleVA.framework/Versions/A/AppleVA
0x00007ff81c054000 	/System/Library/Frameworks/ApplicationServices.framework/Versions/A/Frameworks/ATS.framework/Versions/A/ATS
0x00007ff81283c000 	/System/Library/Frameworks/ApplicationServices.framework/Versions/A/Frameworks/HIServices.framework/Versions/A/HIServices
0x00007ff81ae97000 	/System/Library/Frameworks/ApplicationServices.framework/Versions/A/Frameworks/PrintCore.framework/Versions/A/PrintCore
0x00007ff81c407000 	/System/Library/Frameworks/ApplicationServices.framework/Versions/A/Frameworks/QD.framework/Versions/A/QD
0x00007ff81c3ff000 	/System/Library/Frameworks/ApplicationServices.framework/Versions/A/Frameworks/ColorSyncLegacy.framework/Versions/A/ColorSyncLegacy
0x00007ff81c028000 	/System/Library/Frameworks/ApplicationServices.framework/Versions/A/Frameworks/SpeechSynthesis.framework/Versions/A/SpeechSynthesis
0x00007ff81ae55000 	/System/Library/Frameworks/ApplicationServices.framework/Versions/A/Frameworks/ATSUI.framework/Versions/A/ATSUI
0x00007ff81c392000 	/usr/lib/libcups.2.dylib
0x00007ff81c763000 	/System/Library/Frameworks/Kerberos.framework/Versions/A/Kerberos
0x00007ff81c772000 	/System/Library/Frameworks/GSS.framework/Versions/A/GSS
0x00007ff81c0c2000 	/usr/lib/libresolv.9.dylib
0x00007ff81a3db000 	/System/Library/PrivateFrameworks/Heimdal.framework/Versions/A/Heimdal
0x00007ff823506000 	/System/Library/Frameworks/Kerberos.framework/Versions/A/Libraries/libHeimdalProxy.dylib
0x00007ff81c7bd000 	/System/Library/PrivateFrameworks/CommonAuth.framework/Versions/A/CommonAuth
0x00007ffa25e77000 	/System/Library/Frameworks/AVFAudio.framework/Versions/A/AVFAudio
0x00007ff82a959000 	/System/Library/PrivateFrameworks/AXCoreUtilities.framework/Versions/A/AXCoreUtilities
0x00007ff81bfa4000 	/System/Library/PrivateFrameworks/AudioSession.framework/Versions/A/AudioSession
0x00007ff81d5a6000 	/System/Library/Frameworks/IOBluetooth.framework/Versions/A/IOBluetooth
0x00007ff819ec2000 	/System/Library/PrivateFrameworks/MediaExperience.framework/Versions/A/MediaExperience
0x00007ff81be4b000 	/System/Library/PrivateFrameworks/AudioSession.framework/libSessionUtility.dylib
0x00007ff81c413000 	/System/Library/PrivateFrameworks/AudioResourceArbitration.framework/Versions/A/AudioResourceArbitration
0x00007ff8204ff000 	/System/Library/PrivateFrameworks/PowerLog.framework/Versions/A/PowerLog
0x00007ff820441000 	/System/Library/Frameworks/CoreBluetooth.framework/Versions/A/CoreBluetooth
0x00007ff823507000 	/System/Library/Frameworks/AudioUnit.framework/Versions/A/AudioUnit
0x00007ff8183b0000 	/System/Library/PrivateFrameworks/CoreUtils.framework/Versions/A/CoreUtils
0x00007ffb10629000 	/System/Library/PrivateFrameworks/CoreUtilsExtras.framework/Versions/A/CoreUtilsExtras
0x00007ffb1538b000 	/System/Library/PrivateFrameworks/IO80211.framework/Versions/A/IO80211
0x00007ff819e30000 	/System/Library/PrivateFrameworks/IconFoundation.framework/Versions/A/IconFoundation
0x00007ff81f51e000 	/System/Library/PrivateFrameworks/SpeechRecognitionCore.framework/Versions/A/SpeechRecognitionCore
0x0000000109776000 	/Library/Java/JavaVirtualMachines/applejdk-8.0.312.7.1.jdk/Contents/Home/jre/lib/server/libjvm.dylib
0x0000000108dd3000 	/Library/Java/JavaVirtualMachines/applejdk-8.0.312.7.1.jdk/Contents/Home/jre/lib/libverify.dylib
0x0000000108e2b000 	/Library/Java/JavaVirtualMachines/applejdk-8.0.312.7.1.jdk/Contents/Home/jre/lib/libjava.dylib
0x0000000108df8000 	/Library/Java/JavaVirtualMachines/applejdk-8.0.312.7.1.jdk/Contents/Home/jre/lib/libzip.dylib
0x0000000109735000 	/Library/Java/JavaVirtualMachines/applejdk-8.0.312.7.1.jdk/Contents/Home/jre/lib/libnio.dylib
0x000000012206b000 	/Library/Java/JavaVirtualMachines/applejdk-8.0.312.7.1.jdk/Contents/Home/jre/lib/libnet.dylib
0x0000000123dab000 	/Library/Java/JavaVirtualMachines/applejdk-8.0.312.7.1.jdk/Contents/Home/jre/lib/libmanagement.dylib
0x00000001257e3000 	/Library/Java/JavaVirtualMachines/applejdk-8.0.312.7.1.jdk/Contents/Home/jre/lib/libosx.dylib
0x000000012582f000 	/Library/Java/JavaVirtualMachines/applejdk-8.0.312.7.1.jdk/Contents/Home/jre/lib/libosxapp.dylib
0x00007ff910687000 	/System/Library/Frameworks/Carbon.framework/Versions/A/Carbon
0x00007ff82709c000 	/System/Library/Frameworks/Carbon.framework/Versions/A/Frameworks/CommonPanels.framework/Versions/A/CommonPanels
0x00007ff822e78000 	/System/Library/Frameworks/Carbon.framework/Versions/A/Frameworks/Help.framework/Versions/A/Help
0x00007ff8270a0000 	/System/Library/Frameworks/Carbon.framework/Versions/A/Frameworks/ImageCapture.framework/Versions/A/ImageCapture
0x00007ff827070000 	/System/Library/Frameworks/Carbon.framework/Versions/A/Frameworks/OpenScripting.framework/Versions/A/OpenScripting
0x00007ff827098000 	/System/Library/Frameworks/Carbon.framework/Versions/A/Frameworks/Ink.framework/Versions/A/Ink
0x00007ff910683000 	/System/Library/Frameworks/Carbon.framework/Versions/A/Frameworks/Print.framework/Versions/A/Print
0x00007ff827094000 	/System/Library/Frameworks/Carbon.framework/Versions/A/Frameworks/SecurityHI.framework/Versions/A/SecurityHI
0x00007ff90f83b000 	/System/Library/Frameworks/ExceptionHandling.framework/Versions/A/ExceptionHandling
0x00007ffa2714d000 	/System/Library/Frameworks/JavaNativeFoundation.framework/Versions/A/JavaNativeFoundation
0x00007ffa27159000 	/System/Library/Frameworks/JavaRuntimeSupport.framework/Versions/A/JavaRuntimeSupport
0x00007ff8217f5000 	/System/Library/PrivateFrameworks/CoreSymbolication.framework/Versions/A/CoreSymbolication
0x00007ff8217ba000 	/System/Library/PrivateFrameworks/DebugSymbols.framework/Versions/A/DebugSymbols
0x000000012580a000 	/Library/Java/JavaVirtualMachines/applejdk-8.0.312.7.1.jdk/Contents/Home/jre/lib/libjaas_unix.dylib
0x0000000125eb3000 	/private/var/folders/fz/_fgnwbcd31901m5zpzfkyhbc0000gn/T/snappy-1.1.8-fc2bf04d-aff8-42d0-ad90-cb6cfbed202b-libsnappyjava.dylib
0x000000012c625000 	/private/var/folders/fz/_fgnwbcd31901m5zpzfkyhbc0000gn/T/libzstd-jni-1.5.2-44450640962306436155.dylib
0x000000012c58c000 	/Library/Java/JavaVirtualMachines/applejdk-8.0.312.7.1.jdk/Contents/Home/jre/lib/libattach.dylib
0x0000000131414000 	/Library/Java/JavaVirtualMachines/applejdk-8.0.312.7.1.jdk/Contents/Home/jre/lib/libinstrument.dylib
0x00000001342ba000 	/private/var/folders/fz/_fgnwbcd31901m5zpzfkyhbc0000gn/T/libboson-8249353338003169445.dylib

VM Arguments:
jvm_args: -Djava.security.manager=worker.org.gradle.process.internal.worker.child.BootstrapSecurityManager -Dorg.gradle.internal.worker.tmpdir=/Users/abid/workspace/aiml-iceberg/spark/v3.3/spark/.out/tmp/test/work -Dorg.gradle.native=false -Xmx2560m -Xbootclasspath:/Users/abid/.gradle/caches/modules-2/files-2.1/com.google.errorprone/javac/9+181-r4173-1/bdf4c0aa7d540ee1f7bf14d47447aea4bbf450c5/javac-9+181-r4173-1.jar:/Library/Java/JavaVirtualMachines/applejdk-8.0.312.7.1.jdk/Contents/Home/jre/lib/resources.jar:/Library/Java/JavaVirtualMachines/applejdk-8.0.312.7.1.jdk/Contents/Home/jre/lib/rt.jar:/Library/Java/JavaVirtualMachines/applejdk-8.0.312.7.1.jdk/Contents/Home/jre/lib/sunrsasign.jar:/Library/Java/JavaVirtualMachines/applejdk-8.0.312.7.1.jdk/Contents/Home/jre/lib/jsse.jar:/Library/Java/JavaVirtualMachines/applejdk-8.0.312.7.1.jdk/Contents/Home/jre/lib/jce.jar:/Library/Java/JavaVirtualMachines/applejdk-8.0.312.7.1.jdk/Contents/Home/jre/lib/charsets.jar:/Library/Java/JavaVirtualMachines/applejdk-8.0.312.7.1.jdk/Contents/Home/jre/lib/jfr.jar:/Library/Java/JavaVirtualMachines/applejdk-8.0.312.7.1.jdk/Contents/Home/jre/classes -Dfile.encoding=utf-8 -Duser.country=US -Duser.language=en -Duser.variant -ea 
java_command: worker.org.gradle.process.internal.worker.GradleWorkerMain 'Gradle Test Executor 109'
java_class_path (initial): /Users/abid/.gradle/caches/7.4.2/workerMain/gradle-worker.jar
Launcher Type: SUN_STANDARD

Environment Variables:
JAVA_HOME=/Users/abid/.jenv/versions/1.8
PATH=/Users/abid/.jenv/versions/1.8/bin:/opt/homebrew/Cellar/jenv/0.5.4/libexec/libexec:/Users/abid/.jenv/shims:/Users/abid/workspace/apache-maven-3.8.5/bin:/opt/homebrew/Cellar/pyenv-virtualenv/1.2.1/shims:/Users/abid/.pyenv/shims:/Users/abid/workspace/hive/bin:/Users/abid/workspace/scripts:/opt/homebrew/bin:/opt/homebrew/sbin:/usr/local/bin:/System/Cryptexes/App/usr/bin:/usr/bin:/bin:/usr/sbin:/sbin:/opt/homebrew/bin:/Users/abid/.cargo/bin:/Users/abid/Library/Application
SHELL=/bin/zsh

Signal Handlers:
SIGSEGV: [libjvm.dylib+0x598df5], sa_mask[0]=11111111111111111111111111111111, sa_flags=SA_ONSTACK|SA_RESTART|SA_SIGINFO
SIGBUS: [libjvm.dylib+0x598df5], sa_mask[0]=11111111111111111111111111111111, sa_flags=SA_RESTART|SA_SIGINFO
SIGFPE: [libjvm.dylib+0x48cd0f], sa_mask[0]=11111111111111111111111111111111, sa_flags=SA_RESTART|SA_SIGINFO
SIGPIPE: [libjvm.dylib+0x48cd0f], sa_mask[0]=11111111111111111111111111111111, sa_flags=SA_RESTART|SA_SIGINFO
SIGXFSZ: [libjvm.dylib+0x48cd0f], sa_mask[0]=11111111111111111111111111111111, sa_flags=SA_RESTART|SA_SIGINFO
SIGILL: [libjvm.dylib+0x48cd0f], sa_mask[0]=11111111111111111111111111111111, sa_flags=SA_RESTART|SA_SIGINFO
SIGUSR1: SIG_DFL, sa_mask[0]=00000000000000000000000000000000, sa_flags=SA_RESTART
SIGUSR2: [libjvm.dylib+0x48d606], sa_mask[0]=00100000000000000000000000000000, sa_flags=SA_RESTART|SA_SIGINFO
SIGHUP: [libjvm.dylib+0x48b805], sa_mask[0]=11111111111111111111111111111111, sa_flags=SA_RESTART|SA_SIGINFO
SIGINT: [libjvm.dylib+0x48b805], sa_mask[0]=11111111111111111111111111111111, sa_flags=SA_RESTART|SA_SIGINFO
SIGTERM: [libjvm.dylib+0x48b805], sa_mask[0]=11111111111111111111111111111111, sa_flags=SA_RESTART|SA_SIGINFO
SIGQUIT: [libjvm.dylib+0x48b805], sa_mask[0]=11111111111111111111111111111111, sa_flags=SA_RESTART|SA_SIGINFO


---------------  S Y S T E M  ---------------

OS:Bsduname:Darwin 22.3.0 Darwin Kernel Version 22.3.0: Mon Jan 30 20:38:37 PST 2023; root:xnu-8792.81.3~2/RELEASE_ARM64_T6000 x86_64
rlimit: STACK 8176k, CORE 0k, NPROC 5333, NOFILE 122880, AS infinity
load average:17.09 15.51 11.54

CPU:total 10 (initial active 10) (1 cores per cpu, 1 threads per core) family 6 model 44 stepping 0, cmov, cx8, fxsr, mmx, sse, sse2, sse3, ssse3, sse4.1, sse4.2, popcnt, aes, clmul, tsc, tscinvbit, tscinv

Memory: 4k page, physical 33554432k(92892k free)

/proc/meminfo:


vm_info: OpenJDK 64-Bit Server VM (25.312-b07) for bsd-amd64 JRE (1.8.0_312-b07), built on Oct 21 2021 03:52:24 by "admin" with gcc 4.2.1 Compatible Apple LLVM 10.0.1 (clang-1001.0.46.3)

time: Tue Mar 21 23:30:32 2023
timezone: PDT
elapsed time: 278.848787 seconds (0d 0h 4m 38s)

